INFO:root:Application started
INFO:root:Application has successfully scraped data
INFO:root:Application finished
INFO:root:Application started
INFO:DataCollection.houseSpeakingSameScraper:Scraping data
INFO:root:Application has successfully scraped data
INFO:root:Application finished
INFO:root:Application started
INFO:DataCollection.houseSpeakingSameScraper:Scraping data from URL: http://house.speakingsame.com/p.php?q=Dayton%2C+WA
INFO:root:Application has successfully scraped data
INFO:root:Application finished
INFO:root:Application started
INFO:DataCollection.houseSpeakingSameScraper:Beginning data scraping process for URL: http://house.speakingsame.com/p.php?q=Dayton%2C+WA
INFO:DataCollection.houseSpeakingSameScraper:Generating pages for URL: http://house.speakingsame.com/p.php?q=Dayton%2C+WA
INFO:root:Application has successfully scraped data
INFO:root:Application finished
INFO:root:Application started
INFO:DataCollection.houseSpeakingSameScraper:Beginning data scraping process for URL: http://house.speakingsame.com/p.php?q=Dayton%2C+WA
INFO:DataCollection.houseSpeakingSameScraper:Generating pages for URL: http://house.speakingsame.com/p.php?q=Dayton%2C+WA
INFO:root:Application has successfully scraped data
INFO:root:Application finished
INFO:root:Application started
INFO:DataCollection.houseSpeakingSameScraper:Beginning data scraping process for URL: http://house.speakingsame.com/p.php?q=Dayton%2C+WA
INFO:DataCollection.houseSpeakingSameScraper:Validating URL: http://house.speakingsame.com/p.php?q=Dayton%2C+WA
INFO:DataCollection.houseSpeakingSameScraper:Invalid URL
ERROR:DataCollection.houseSpeakingSameScraper:Invalid URL: http://house.speakingsame.com/p.php?q=Dayton%2C+WA
DEBUG:root:Application has failed to scrape data, now terminating
INFO:root:Application started
INFO:DataCollection.houseSpeakingSameScraper:Beginning data scraping process for URL: http://house.speakingsame.com/p.php?q=Dayton&p=1&s=1&st=&type=&count=300&region=Dayton&lat=0&lng=0&sta=wa&htype=&agent=0&minprice=0&maxprice=0&minbed=0&maxbed=0&minland=0&maxland=0
INFO:DataCollection.houseSpeakingSameScraper:Validating URL: http://house.speakingsame.com/p.php?q=Dayton&p=1&s=1&st=&type=&count=300&region=Dayton&lat=0&lng=0&sta=wa&htype=&agent=0&minprice=0&maxprice=0&minbed=0&maxbed=0&minland=0&maxland=0
INFO:DataCollection.houseSpeakingSameScraper:Valid URL
INFO:DataCollection.houseSpeakingSameScraper:Generating pages for URL: http://house.speakingsame.com/p.php?q=Dayton&p=1&s=1&st=&type=&count=300&region=Dayton&lat=0&lng=0&sta=wa&htype=&agent=0&minprice=0&maxprice=0&minbed=0&maxbed=0&minland=0&maxland=0
INFO:root:Application has successfully scraped data
INFO:root:Application finished
INFO:root:Application started
INFO:DataCollection.houseSpeakingSameScraper:Beginning data scraping process for URL: http://house.speakingsame.com/p.php?q=Dayton&p=1&s=1&st=&type=&count=300&region=Dayton&lat=0&lng=0&sta=wa&htype=&agent=0&minprice=0&maxprice=0&minbed=0&maxbed=0&minland=0&maxland=0
INFO:DataCollection.houseSpeakingSameScraper:Validating URL: http://house.speakingsame.com/p.php?q=Dayton&p=1&s=1&st=&type=&count=300&region=Dayton&lat=0&lng=0&sta=wa&htype=&agent=0&minprice=0&maxprice=0&minbed=0&maxbed=0&minland=0&maxland=0
INFO:DataCollection.houseSpeakingSameScraper:Valid URL
INFO:DataCollection.houseSpeakingSameScraper:Generating pages for URL: http://house.speakingsame.com/p.php?q=Dayton&p=1&s=1&st=&type=&count=300&region=Dayton&lat=0&lng=0&sta=wa&htype=&agent=0&minprice=0&maxprice=0&minbed=0&maxbed=0&minland=0&maxland=0
INFO:root:Application has successfully scraped data
INFO:root:Application finished
INFO:root:Application started
INFO:DataCollection.houseSpeakingSameScraper:Beginning data scraping process for URL: http://house.speakingsame.com/p.php?q=Dayton&p=1&s=1&st=&type=&count=300&region=Dayton&lat=0&lng=0&sta=wa&htype=&agent=0&minprice=0&maxprice=0&minbed=0&maxbed=0&minland=0&maxland=0
INFO:DataCollection.houseSpeakingSameScraper:Validating URL: http://house.speakingsame.com/p.php?q=Dayton&p=1&s=1&st=&type=&count=300&region=Dayton&lat=0&lng=0&sta=wa&htype=&agent=0&minprice=0&maxprice=0&minbed=0&maxbed=0&minland=0&maxland=0
INFO:DataCollection.houseSpeakingSameScraper:Valid URL
INFO:DataCollection.houseSpeakingSameScraper:Getting pages from URL: http://house.speakingsame.com/p.php?q=Dayton&p=1&s=1&st=&type=&count=300&region=Dayton&lat=0&lng=0&sta=wa&htype=&agent=0&minprice=0&maxprice=0&minbed=0&maxbed=0&minland=0&maxland=0
INFO:root:Application started
INFO:DataCollection.houseSpeakingSameScraper:Beginning data scraping process for URL: http://house.speakingsame.com/p.php?q=Dayton&p=1&s=1&st=&type=&count=300&region=Dayton&lat=0&lng=0&sta=wa&htype=&agent=0&minprice=0&maxprice=0&minbed=0&maxbed=0&minland=0&maxland=0
INFO:DataCollection.houseSpeakingSameScraper:Validating URL: http://house.speakingsame.com/p.php?q=Dayton&p=1&s=1&st=&type=&count=300&region=Dayton&lat=0&lng=0&sta=wa&htype=&agent=0&minprice=0&maxprice=0&minbed=0&maxbed=0&minland=0&maxland=0
INFO:DataCollection.houseSpeakingSameScraper:Valid URL
INFO:DataCollection.houseSpeakingSameScraper:Getting pages from URL: http://house.speakingsame.com/p.php?q=Dayton&p=1&s=1&st=&type=&count=300&region=Dayton&lat=0&lng=0&sta=wa&htype=&agent=0&minprice=0&maxprice=0&minbed=0&maxbed=0&minland=0&maxland=0
INFO:root:Application has successfully scraped data
INFO:root:Application finished
INFO:root:Application started
INFO:DataCollection.houseSpeakingSameScraper:Beginning data scraping process for URL: http://house.speakingsame.com/p.php?q=Dayton&p=1&s=1&st=&type=&count=300&region=Dayton&lat=0&lng=0&sta=wa&htype=&agent=0&minprice=0&maxprice=0&minbed=0&maxbed=0&minland=0&maxland=0
INFO:DataCollection.houseSpeakingSameScraper:Validating URL: http://house.speakingsame.com/p.php?q=Dayton&p=1&s=1&st=&type=&count=300&region=Dayton&lat=0&lng=0&sta=wa&htype=&agent=0&minprice=0&maxprice=0&minbed=0&maxbed=0&minland=0&maxland=0
INFO:DataCollection.houseSpeakingSameScraper:Valid URL
INFO:DataCollection.houseSpeakingSameScraper:Getting pages from URL: http://house.speakingsame.com/p.php?q=Dayton&p=1&s=1&st=&type=&count=300&region=Dayton&lat=0&lng=0&sta=wa&htype=&agent=0&minprice=0&maxprice=0&minbed=0&maxbed=0&minland=0&maxland=0
INFO:root:Application has successfully scraped data
INFO:root:Application finished
INFO:root:Application started
INFO:DataCollection.houseSpeakingSameScraper:Beginning data scraping process for URL: http://house.speakingsame.com/p.php?q=Dayton&s=1&st=&type=&region=Dayton&sta=wa&agent=0&minprice=&maxprice=&minbed=1&maxbed=&minland=&maxland=
INFO:DataCollection.houseSpeakingSameScraper:Validating URL: http://house.speakingsame.com/p.php?q=Dayton&s=1&st=&type=&region=Dayton&sta=wa&agent=0&minprice=&maxprice=&minbed=1&maxbed=&minland=&maxland=
INFO:DataCollection.houseSpeakingSameScraper:Invalid URL
ERROR:DataCollection.houseSpeakingSameScraper:Invalid URL: http://house.speakingsame.com/p.php?q=Dayton&s=1&st=&type=&region=Dayton&sta=wa&agent=0&minprice=&maxprice=&minbed=1&maxbed=&minland=&maxland=
DEBUG:root:Application has failed to scrape data, now terminating
INFO:root:Application started
INFO:DataCollection.houseSpeakingSameScraper:Beginning data scraping process for URL: http://house.speakingsame.com/p.php?q=Dayton&p=29&s=1&st=&type=&count=300&region=Dayton&lat=0&lng=0&sta=wa&htype=&agent=0&minprice=0&maxprice=0&minbed=1&maxbed=0&minland=0&maxland=0
INFO:DataCollection.houseSpeakingSameScraper:Validating URL: http://house.speakingsame.com/p.php?q=Dayton&p=29&s=1&st=&type=&count=300&region=Dayton&lat=0&lng=0&sta=wa&htype=&agent=0&minprice=0&maxprice=0&minbed=1&maxbed=0&minland=0&maxland=0
INFO:DataCollection.houseSpeakingSameScraper:Valid URL
INFO:DataCollection.houseSpeakingSameScraper:Getting pages from URL: http://house.speakingsame.com/p.php?q=Dayton&p=29&s=1&st=&type=&count=300&region=Dayton&lat=0&lng=0&sta=wa&htype=&agent=0&minprice=0&maxprice=0&minbed=1&maxbed=0&minland=0&maxland=0
INFO:root:Application has successfully scraped data
INFO:root:Application finished
INFO:root:Application started
INFO:DataCollection.houseSpeakingSameScraper:Beginning data scraping process for URL: http://house.speakingsame.com/p.php?q=Dayton&p=29&s=1&st=&type=&count=300&region=Dayton&lat=0&lng=0&sta=wa&htype=&agent=0&minprice=0&maxprice=0&minbed=1&maxbed=0&minland=0&maxland=0
INFO:DataCollection.houseSpeakingSameScraper:Validating URL: http://house.speakingsame.com/p.php?q=Dayton&p=29&s=1&st=&type=&count=300&region=Dayton&lat=0&lng=0&sta=wa&htype=&agent=0&minprice=0&maxprice=0&minbed=1&maxbed=0&minland=0&maxland=0
INFO:DataCollection.houseSpeakingSameScraper:Valid URL
INFO:DataCollection.houseSpeakingSameScraper:Getting pages from URL: http://house.speakingsame.com/p.php?q=Dayton&p=29&s=1&st=&type=&count=300&region=Dayton&lat=0&lng=0&sta=wa&htype=&agent=0&minprice=0&maxprice=0&minbed=1&maxbed=0&minland=0&maxland=0
INFO:DataCollection.houseSpeakingSameScraper:Scraping data from: http://house.speakingsame.com/p.php?q=Dayton&p=0&s=1&st=&type=&count=300&region=Dayton&lat=0&lng=0&sta=wa&htype=&agent=0&minprice=0&maxprice=0&minbed=1&maxbed=0&minland=0&maxland=0
DEBUG:urllib3.connectionpool:Starting new HTTP connection (1): house.speakingsame.com:80
DEBUG:urllib3.connectionpool:http://house.speakingsame.com:80 "GET /p.php?q=Dayton&p=0&s=1&st=&type=&count=300&region=Dayton&lat=0&lng=0&sta=wa&htype=&agent=0&minprice=0&maxprice=0&minbed=1&maxbed=0&minland=0&maxland=0 HTTP/1.1" 200 7877
INFO:DataCollection.houseSpeakingSameScraper:Successfully received data
INFO:root:Application has successfully scraped data
INFO:root:Application finished
INFO:root:Application started
INFO:DataCollection.houseSpeakingSameScraper:Beginning data scraping process for URL: http://house.speakingsame.com/p.php?q=Dayton&p=29&s=1&st=&type=&count=300&region=Dayton&lat=0&lng=0&sta=wa&htype=&agent=0&minprice=0&maxprice=0&minbed=1&maxbed=0&minland=0&maxland=0
INFO:DataCollection.houseSpeakingSameScraper:Validating URL: http://house.speakingsame.com/p.php?q=Dayton&p=29&s=1&st=&type=&count=300&region=Dayton&lat=0&lng=0&sta=wa&htype=&agent=0&minprice=0&maxprice=0&minbed=1&maxbed=0&minland=0&maxland=0
INFO:DataCollection.houseSpeakingSameScraper:Valid URL
INFO:DataCollection.houseSpeakingSameScraper:Getting pages from URL: http://house.speakingsame.com/p.php?q=Dayton&p=29&s=1&st=&type=&count=300&region=Dayton&lat=0&lng=0&sta=wa&htype=&agent=0&minprice=0&maxprice=0&minbed=1&maxbed=0&minland=0&maxland=0
INFO:DataCollection.houseSpeakingSameScraper:Scraping data from: http://house.speakingsame.com/p.php?q=Dayton&p=0&s=1&st=&type=&count=300&region=Dayton&lat=0&lng=0&sta=wa&htype=&agent=0&minprice=0&maxprice=0&minbed=1&maxbed=0&minland=0&maxland=0
DEBUG:urllib3.connectionpool:Starting new HTTP connection (1): house.speakingsame.com:80
DEBUG:urllib3.connectionpool:http://house.speakingsame.com:80 "GET /p.php?q=Dayton&p=0&s=1&st=&type=&count=300&region=Dayton&lat=0&lng=0&sta=wa&htype=&agent=0&minprice=0&maxprice=0&minbed=1&maxbed=0&minland=0&maxland=0 HTTP/1.1" 200 7877
INFO:DataCollection.houseSpeakingSameScraper:Successfully received data
INFO:root:Application has successfully scraped data
INFO:root:Application finished
INFO:root:Application started
INFO:DataCollection.houseSpeakingSameScraper:Beginning data scraping process for URL: http://house.speakingsame.com/p.php?q=Dayton&p=29&s=1&st=&type=&count=300&region=Dayton&lat=0&lng=0&sta=wa&htype=&agent=0&minprice=0&maxprice=0&minbed=1&maxbed=0&minland=0&maxland=0
INFO:DataCollection.houseSpeakingSameScraper:Validating URL: http://house.speakingsame.com/p.php?q=Dayton&p=29&s=1&st=&type=&count=300&region=Dayton&lat=0&lng=0&sta=wa&htype=&agent=0&minprice=0&maxprice=0&minbed=1&maxbed=0&minland=0&maxland=0
INFO:DataCollection.houseSpeakingSameScraper:Valid URL
INFO:DataCollection.houseSpeakingSameScraper:Getting pages from URL: http://house.speakingsame.com/p.php?q=Dayton&p=29&s=1&st=&type=&count=300&region=Dayton&lat=0&lng=0&sta=wa&htype=&agent=0&minprice=0&maxprice=0&minbed=1&maxbed=0&minland=0&maxland=0
INFO:DataCollection.houseSpeakingSameScraper:Scraping data from: http://house.speakingsame.com/p.php?q=Dayton&p=0&s=1&st=&type=&count=300&region=Dayton&lat=0&lng=0&sta=wa&htype=&agent=0&minprice=0&maxprice=0&minbed=1&maxbed=0&minland=0&maxland=0
DEBUG:urllib3.connectionpool:Starting new HTTP connection (1): house.speakingsame.com:80
DEBUG:urllib3.connectionpool:http://house.speakingsame.com:80 "GET /p.php?q=Dayton&p=0&s=1&st=&type=&count=300&region=Dayton&lat=0&lng=0&sta=wa&htype=&agent=0&minprice=0&maxprice=0&minbed=1&maxbed=0&minland=0&maxland=0 HTTP/1.1" 200 7877
INFO:DataCollection.houseSpeakingSameScraper:Successfully received data
INFO:root:Application has successfully scraped data
INFO:root:Application finished
INFO:root:Application started
INFO:DataCollection.houseSpeakingSameScraper:Beginning data scraping process for URL: http://house.speakingsame.com/p.php?q=Dayton&p=29&s=1&st=&type=&count=300&region=Dayton&lat=0&lng=0&sta=wa&htype=&agent=0&minprice=0&maxprice=0&minbed=1&maxbed=0&minland=0&maxland=0
INFO:DataCollection.houseSpeakingSameScraper:Validating URL: http://house.speakingsame.com/p.php?q=Dayton&p=29&s=1&st=&type=&count=300&region=Dayton&lat=0&lng=0&sta=wa&htype=&agent=0&minprice=0&maxprice=0&minbed=1&maxbed=0&minland=0&maxland=0
INFO:DataCollection.houseSpeakingSameScraper:Valid URL
INFO:DataCollection.houseSpeakingSameScraper:Getting pages from URL: http://house.speakingsame.com/p.php?q=Dayton&p=29&s=1&st=&type=&count=300&region=Dayton&lat=0&lng=0&sta=wa&htype=&agent=0&minprice=0&maxprice=0&minbed=1&maxbed=0&minland=0&maxland=0
INFO:DataCollection.houseSpeakingSameScraper:Scraping data from: http://house.speakingsame.com/p.php?q=Dayton&p=0&s=1&st=&type=&count=300&region=Dayton&lat=0&lng=0&sta=wa&htype=&agent=0&minprice=0&maxprice=0&minbed=1&maxbed=0&minland=0&maxland=0
DEBUG:urllib3.connectionpool:Starting new HTTP connection (1): house.speakingsame.com:80
DEBUG:urllib3.connectionpool:http://house.speakingsame.com:80 "GET /p.php?q=Dayton&p=0&s=1&st=&type=&count=300&region=Dayton&lat=0&lng=0&sta=wa&htype=&agent=0&minprice=0&maxprice=0&minbed=1&maxbed=0&minland=0&maxland=0 HTTP/1.1" 200 7877
INFO:DataCollection.houseSpeakingSameScraper:Successfully received data
INFO:root:Application has successfully scraped data
INFO:root:Application finished
INFO:root:Application started
INFO:DataCollection.houseSpeakingSameScraper:Beginning data scraping process for URL: http://house.speakingsame.com/p.php?q=Dayton&p=29&s=1&st=&type=&count=300&region=Dayton&lat=0&lng=0&sta=wa&htype=&agent=0&minprice=0&maxprice=0&minbed=1&maxbed=0&minland=0&maxland=0
INFO:DataCollection.houseSpeakingSameScraper:Validating URL: http://house.speakingsame.com/p.php?q=Dayton&p=29&s=1&st=&type=&count=300&region=Dayton&lat=0&lng=0&sta=wa&htype=&agent=0&minprice=0&maxprice=0&minbed=1&maxbed=0&minland=0&maxland=0
INFO:DataCollection.houseSpeakingSameScraper:Valid URL
INFO:DataCollection.houseSpeakingSameScraper:Getting pages from URL: http://house.speakingsame.com/p.php?q=Dayton&p=29&s=1&st=&type=&count=300&region=Dayton&lat=0&lng=0&sta=wa&htype=&agent=0&minprice=0&maxprice=0&minbed=1&maxbed=0&minland=0&maxland=0
INFO:DataCollection.houseSpeakingSameScraper:Scraping data from: http://house.speakingsame.com/p.php?q=Dayton&p=0&s=1&st=&type=&count=300&region=Dayton&lat=0&lng=0&sta=wa&htype=&agent=0&minprice=0&maxprice=0&minbed=1&maxbed=0&minland=0&maxland=0
DEBUG:urllib3.connectionpool:Starting new HTTP connection (1): house.speakingsame.com:80
DEBUG:urllib3.connectionpool:http://house.speakingsame.com:80 "GET /p.php?q=Dayton&p=0&s=1&st=&type=&count=300&region=Dayton&lat=0&lng=0&sta=wa&htype=&agent=0&minprice=0&maxprice=0&minbed=1&maxbed=0&minland=0&maxland=0 HTTP/1.1" 200 7877
INFO:DataCollection.houseSpeakingSameScraper:Successfully received data
INFO:root:Application has successfully scraped data
INFO:root:Application finished
INFO:root:Application started
INFO:DataCollection.houseSpeakingSameScraper:Beginning data scraping process for URL: http://house.speakingsame.com/p.php?q=Dayton&p=29&s=1&st=&type=&count=300&region=Dayton&lat=0&lng=0&sta=wa&htype=&agent=0&minprice=0&maxprice=0&minbed=1&maxbed=0&minland=0&maxland=0
INFO:DataCollection.houseSpeakingSameScraper:Validating URL: http://house.speakingsame.com/p.php?q=Dayton&p=29&s=1&st=&type=&count=300&region=Dayton&lat=0&lng=0&sta=wa&htype=&agent=0&minprice=0&maxprice=0&minbed=1&maxbed=0&minland=0&maxland=0
INFO:DataCollection.houseSpeakingSameScraper:Valid URL
INFO:DataCollection.houseSpeakingSameScraper:Getting pages from URL: http://house.speakingsame.com/p.php?q=Dayton&p=29&s=1&st=&type=&count=300&region=Dayton&lat=0&lng=0&sta=wa&htype=&agent=0&minprice=0&maxprice=0&minbed=1&maxbed=0&minland=0&maxland=0
INFO:DataCollection.houseSpeakingSameScraper:Scraping data from: http://house.speakingsame.com/p.php?q=Dayton&p=0&s=1&st=&type=&count=300&region=Dayton&lat=0&lng=0&sta=wa&htype=&agent=0&minprice=0&maxprice=0&minbed=1&maxbed=0&minland=0&maxland=0
DEBUG:urllib3.connectionpool:Starting new HTTP connection (1): house.speakingsame.com:80
DEBUG:urllib3.connectionpool:http://house.speakingsame.com:80 "GET /p.php?q=Dayton&p=0&s=1&st=&type=&count=300&region=Dayton&lat=0&lng=0&sta=wa&htype=&agent=0&minprice=0&maxprice=0&minbed=1&maxbed=0&minland=0&maxland=0 HTTP/1.1" 200 7877
INFO:DataCollection.houseSpeakingSameScraper:Successfully received data
INFO:root:Application has successfully scraped data
INFO:root:Application finished
INFO:root:Application started
INFO:DataCollection.houseSpeakingSameScraper:Beginning data scraping process for URL: http://house.speakingsame.com/p.php?q=Dayton&p=29&s=1&st=&type=&count=300&region=Dayton&lat=0&lng=0&sta=wa&htype=&agent=0&minprice=0&maxprice=0&minbed=1&maxbed=0&minland=0&maxland=0
INFO:DataCollection.houseSpeakingSameScraper:Validating URL: http://house.speakingsame.com/p.php?q=Dayton&p=29&s=1&st=&type=&count=300&region=Dayton&lat=0&lng=0&sta=wa&htype=&agent=0&minprice=0&maxprice=0&minbed=1&maxbed=0&minland=0&maxland=0
INFO:DataCollection.houseSpeakingSameScraper:Valid URL
INFO:DataCollection.houseSpeakingSameScraper:Getting pages from URL: http://house.speakingsame.com/p.php?q=Dayton&p=29&s=1&st=&type=&count=300&region=Dayton&lat=0&lng=0&sta=wa&htype=&agent=0&minprice=0&maxprice=0&minbed=1&maxbed=0&minland=0&maxland=0
INFO:DataCollection.houseSpeakingSameScraper:Scraping data from: http://house.speakingsame.com/p.php?q=Dayton&p=0&s=1&st=&type=&count=300&region=Dayton&lat=0&lng=0&sta=wa&htype=&agent=0&minprice=0&maxprice=0&minbed=1&maxbed=0&minland=0&maxland=0
DEBUG:urllib3.connectionpool:Starting new HTTP connection (1): house.speakingsame.com:80
DEBUG:urllib3.connectionpool:http://house.speakingsame.com:80 "GET /p.php?q=Dayton&p=0&s=1&st=&type=&count=300&region=Dayton&lat=0&lng=0&sta=wa&htype=&agent=0&minprice=0&maxprice=0&minbed=1&maxbed=0&minland=0&maxland=0 HTTP/1.1" 200 7877
INFO:DataCollection.houseSpeakingSameScraper:Successfully received data
INFO:root:Application has successfully scraped data
INFO:root:Application finished
INFO:root:Application started
INFO:DataCollection.houseSpeakingSameScraper:Beginning data scraping process for URL: http://house.speakingsame.com/p.php?q=Dayton&p=29&s=1&st=&type=&count=300&region=Dayton&lat=0&lng=0&sta=wa&htype=&agent=0&minprice=0&maxprice=0&minbed=1&maxbed=0&minland=0&maxland=0
INFO:DataCollection.houseSpeakingSameScraper:Validating URL: http://house.speakingsame.com/p.php?q=Dayton&p=29&s=1&st=&type=&count=300&region=Dayton&lat=0&lng=0&sta=wa&htype=&agent=0&minprice=0&maxprice=0&minbed=1&maxbed=0&minland=0&maxland=0
INFO:DataCollection.houseSpeakingSameScraper:Valid URL
INFO:DataCollection.houseSpeakingSameScraper:Getting pages from URL: http://house.speakingsame.com/p.php?q=Dayton&p=29&s=1&st=&type=&count=300&region=Dayton&lat=0&lng=0&sta=wa&htype=&agent=0&minprice=0&maxprice=0&minbed=1&maxbed=0&minland=0&maxland=0
INFO:DataCollection.houseSpeakingSameScraper:Scraping data from: http://house.speakingsame.com/p.php?q=Dayton&p=0&s=1&st=&type=&count=300&region=Dayton&lat=0&lng=0&sta=wa&htype=&agent=0&minprice=0&maxprice=0&minbed=1&maxbed=0&minland=0&maxland=0
DEBUG:urllib3.connectionpool:Starting new HTTP connection (1): house.speakingsame.com:80
DEBUG:urllib3.connectionpool:http://house.speakingsame.com:80 "GET /p.php?q=Dayton&p=0&s=1&st=&type=&count=300&region=Dayton&lat=0&lng=0&sta=wa&htype=&agent=0&minprice=0&maxprice=0&minbed=1&maxbed=0&minland=0&maxland=0 HTTP/1.1" 200 7877
INFO:DataCollection.houseSpeakingSameScraper:Successfully received data
INFO:root:Application started
INFO:DataCollection.houseSpeakingSameScraper:Beginning data scraping process for URL: http://house.speakingsame.com/p.php?q=Dayton&p=29&s=1&st=&type=&count=300&region=Dayton&lat=0&lng=0&sta=wa&htype=&agent=0&minprice=0&maxprice=0&minbed=1&maxbed=0&minland=0&maxland=0
INFO:DataCollection.houseSpeakingSameScraper:Validating URL: http://house.speakingsame.com/p.php?q=Dayton&p=29&s=1&st=&type=&count=300&region=Dayton&lat=0&lng=0&sta=wa&htype=&agent=0&minprice=0&maxprice=0&minbed=1&maxbed=0&minland=0&maxland=0
INFO:DataCollection.houseSpeakingSameScraper:Valid URL
INFO:DataCollection.houseSpeakingSameScraper:Getting pages from URL: http://house.speakingsame.com/p.php?q=Dayton&p=29&s=1&st=&type=&count=300&region=Dayton&lat=0&lng=0&sta=wa&htype=&agent=0&minprice=0&maxprice=0&minbed=1&maxbed=0&minland=0&maxland=0
INFO:DataCollection.houseSpeakingSameScraper:Scraping data from: http://house.speakingsame.com/p.php?q=Dayton&p=0&s=1&st=&type=&count=300&region=Dayton&lat=0&lng=0&sta=wa&htype=&agent=0&minprice=0&maxprice=0&minbed=1&maxbed=0&minland=0&maxland=0
DEBUG:urllib3.connectionpool:Starting new HTTP connection (1): house.speakingsame.com:80
DEBUG:urllib3.connectionpool:http://house.speakingsame.com:80 "GET /p.php?q=Dayton&p=0&s=1&st=&type=&count=300&region=Dayton&lat=0&lng=0&sta=wa&htype=&agent=0&minprice=0&maxprice=0&minbed=1&maxbed=0&minland=0&maxland=0 HTTP/1.1" 200 7877
INFO:DataCollection.houseSpeakingSameScraper:Successfully received data
INFO:root:Application started
INFO:DataCollection.houseSpeakingSameScraper:Beginning data scraping process for URL: http://house.speakingsame.com/p.php?q=Dayton&p=29&s=1&st=&type=&count=300&region=Dayton&lat=0&lng=0&sta=wa&htype=&agent=0&minprice=0&maxprice=0&minbed=1&maxbed=0&minland=0&maxland=0
INFO:DataCollection.houseSpeakingSameScraper:Validating URL: http://house.speakingsame.com/p.php?q=Dayton&p=29&s=1&st=&type=&count=300&region=Dayton&lat=0&lng=0&sta=wa&htype=&agent=0&minprice=0&maxprice=0&minbed=1&maxbed=0&minland=0&maxland=0
INFO:DataCollection.houseSpeakingSameScraper:Valid URL
INFO:DataCollection.houseSpeakingSameScraper:Getting pages from URL: http://house.speakingsame.com/p.php?q=Dayton&p=29&s=1&st=&type=&count=300&region=Dayton&lat=0&lng=0&sta=wa&htype=&agent=0&minprice=0&maxprice=0&minbed=1&maxbed=0&minland=0&maxland=0
INFO:DataCollection.houseSpeakingSameScraper:Scraping data from: http://house.speakingsame.com/p.php?q=Dayton&p=0&s=1&st=&type=&count=300&region=Dayton&lat=0&lng=0&sta=wa&htype=&agent=0&minprice=0&maxprice=0&minbed=1&maxbed=0&minland=0&maxland=0
DEBUG:urllib3.connectionpool:Starting new HTTP connection (1): house.speakingsame.com:80
DEBUG:urllib3.connectionpool:http://house.speakingsame.com:80 "GET /p.php?q=Dayton&p=0&s=1&st=&type=&count=300&region=Dayton&lat=0&lng=0&sta=wa&htype=&agent=0&minprice=0&maxprice=0&minbed=1&maxbed=0&minland=0&maxland=0 HTTP/1.1" 200 7877
INFO:DataCollection.houseSpeakingSameScraper:Successfully received data
INFO:root:Application started
INFO:DataCollection.houseSpeakingSameScraper:Beginning data scraping process for URL: http://house.speakingsame.com/p.php?q=Dayton&p=29&s=1&st=&type=&count=300&region=Dayton&lat=0&lng=0&sta=wa&htype=&agent=0&minprice=0&maxprice=0&minbed=1&maxbed=0&minland=0&maxland=0
INFO:DataCollection.houseSpeakingSameScraper:Validating URL: http://house.speakingsame.com/p.php?q=Dayton&p=29&s=1&st=&type=&count=300&region=Dayton&lat=0&lng=0&sta=wa&htype=&agent=0&minprice=0&maxprice=0&minbed=1&maxbed=0&minland=0&maxland=0
INFO:DataCollection.houseSpeakingSameScraper:Valid URL
INFO:DataCollection.houseSpeakingSameScraper:Getting pages from URL: http://house.speakingsame.com/p.php?q=Dayton&p=29&s=1&st=&type=&count=300&region=Dayton&lat=0&lng=0&sta=wa&htype=&agent=0&minprice=0&maxprice=0&minbed=1&maxbed=0&minland=0&maxland=0
INFO:DataCollection.houseSpeakingSameScraper:Scraping data from: http://house.speakingsame.com/p.php?q=Dayton&p=0&s=1&st=&type=&count=300&region=Dayton&lat=0&lng=0&sta=wa&htype=&agent=0&minprice=0&maxprice=0&minbed=1&maxbed=0&minland=0&maxland=0
DEBUG:urllib3.connectionpool:Starting new HTTP connection (1): house.speakingsame.com:80
DEBUG:urllib3.connectionpool:http://house.speakingsame.com:80 "GET /p.php?q=Dayton&p=0&s=1&st=&type=&count=300&region=Dayton&lat=0&lng=0&sta=wa&htype=&agent=0&minprice=0&maxprice=0&minbed=1&maxbed=0&minland=0&maxland=0 HTTP/1.1" 200 7877
INFO:DataCollection.houseSpeakingSameScraper:Successfully received data
INFO:root:Application has successfully scraped data
INFO:root:Application finished
INFO:root:Application started
INFO:DataCollection.houseSpeakingSameScraper:Beginning data scraping process for URL: http://house.speakingsame.com/p.php?q=Dayton&p=29&s=1&st=&type=&count=300&region=Dayton&lat=0&lng=0&sta=wa&htype=&agent=0&minprice=0&maxprice=0&minbed=1&maxbed=0&minland=0&maxland=0
INFO:DataCollection.houseSpeakingSameScraper:Validating URL: http://house.speakingsame.com/p.php?q=Dayton&p=29&s=1&st=&type=&count=300&region=Dayton&lat=0&lng=0&sta=wa&htype=&agent=0&minprice=0&maxprice=0&minbed=1&maxbed=0&minland=0&maxland=0
INFO:DataCollection.houseSpeakingSameScraper:Valid URL
INFO:DataCollection.houseSpeakingSameScraper:Getting pages from URL: http://house.speakingsame.com/p.php?q=Dayton&p=29&s=1&st=&type=&count=300&region=Dayton&lat=0&lng=0&sta=wa&htype=&agent=0&minprice=0&maxprice=0&minbed=1&maxbed=0&minland=0&maxland=0
INFO:DataCollection.houseSpeakingSameScraper:Scraping data from: http://house.speakingsame.com/p.php?q=Dayton&p=0&s=1&st=&type=&count=300&region=Dayton&lat=0&lng=0&sta=wa&htype=&agent=0&minprice=0&maxprice=0&minbed=1&maxbed=0&minland=0&maxland=0
DEBUG:urllib3.connectionpool:Starting new HTTP connection (1): house.speakingsame.com:80
DEBUG:urllib3.connectionpool:http://house.speakingsame.com:80 "GET /p.php?q=Dayton&p=0&s=1&st=&type=&count=300&region=Dayton&lat=0&lng=0&sta=wa&htype=&agent=0&minprice=0&maxprice=0&minbed=1&maxbed=0&minland=0&maxland=0 HTTP/1.1" 200 7877
INFO:DataCollection.houseSpeakingSameScraper:Successfully received data
INFO:root:Application has successfully scraped data
INFO:root:Application finished
INFO:root:Application started
INFO:DataCollection.houseSpeakingSameScraper:Beginning data scraping process for URL: http://house.speakingsame.com/p.php?q=Dayton&p=29&s=1&st=&type=&count=300&region=Dayton&lat=0&lng=0&sta=wa&htype=&agent=0&minprice=0&maxprice=0&minbed=1&maxbed=0&minland=0&maxland=0
INFO:DataCollection.houseSpeakingSameScraper:Validating URL: http://house.speakingsame.com/p.php?q=Dayton&p=29&s=1&st=&type=&count=300&region=Dayton&lat=0&lng=0&sta=wa&htype=&agent=0&minprice=0&maxprice=0&minbed=1&maxbed=0&minland=0&maxland=0
INFO:DataCollection.houseSpeakingSameScraper:Valid URL
INFO:DataCollection.houseSpeakingSameScraper:Getting pages from URL: http://house.speakingsame.com/p.php?q=Dayton&p=29&s=1&st=&type=&count=300&region=Dayton&lat=0&lng=0&sta=wa&htype=&agent=0&minprice=0&maxprice=0&minbed=1&maxbed=0&minland=0&maxland=0
INFO:DataCollection.houseSpeakingSameScraper:Scraping data from: http://house.speakingsame.com/p.php?q=Dayton&p=0&s=1&st=&type=&count=300&region=Dayton&lat=0&lng=0&sta=wa&htype=&agent=0&minprice=0&maxprice=0&minbed=1&maxbed=0&minland=0&maxland=0
DEBUG:urllib3.connectionpool:Starting new HTTP connection (1): house.speakingsame.com:80
DEBUG:urllib3.connectionpool:http://house.speakingsame.com:80 "GET /p.php?q=Dayton&p=0&s=1&st=&type=&count=300&region=Dayton&lat=0&lng=0&sta=wa&htype=&agent=0&minprice=0&maxprice=0&minbed=1&maxbed=0&minland=0&maxland=0 HTTP/1.1" 200 7877
INFO:DataCollection.houseSpeakingSameScraper:Successfully received data
INFO:root:Application has successfully scraped data
INFO:root:Application finished
INFO:root:Application started
INFO:DataCollection.houseSpeakingSameScraper:Beginning data scraping process for URL: http://house.speakingsame.com/p.php?q=Dayton&p=29&s=1&st=&type=&count=300&region=Dayton&lat=0&lng=0&sta=wa&htype=&agent=0&minprice=0&maxprice=0&minbed=1&maxbed=0&minland=0&maxland=0
INFO:DataCollection.houseSpeakingSameScraper:Validating URL: http://house.speakingsame.com/p.php?q=Dayton&p=29&s=1&st=&type=&count=300&region=Dayton&lat=0&lng=0&sta=wa&htype=&agent=0&minprice=0&maxprice=0&minbed=1&maxbed=0&minland=0&maxland=0
INFO:DataCollection.houseSpeakingSameScraper:Valid URL
INFO:DataCollection.houseSpeakingSameScraper:Getting pages from URL: http://house.speakingsame.com/p.php?q=Dayton&p=29&s=1&st=&type=&count=300&region=Dayton&lat=0&lng=0&sta=wa&htype=&agent=0&minprice=0&maxprice=0&minbed=1&maxbed=0&minland=0&maxland=0
INFO:DataCollection.houseSpeakingSameScraper:Scraping data from: http://house.speakingsame.com/p.php?q=Dayton&p=0&s=1&st=&type=&count=300&region=Dayton&lat=0&lng=0&sta=wa&htype=&agent=0&minprice=0&maxprice=0&minbed=1&maxbed=0&minland=0&maxland=0
DEBUG:urllib3.connectionpool:Starting new HTTP connection (1): house.speakingsame.com:80
DEBUG:urllib3.connectionpool:http://house.speakingsame.com:80 "GET /p.php?q=Dayton&p=0&s=1&st=&type=&count=300&region=Dayton&lat=0&lng=0&sta=wa&htype=&agent=0&minprice=0&maxprice=0&minbed=1&maxbed=0&minland=0&maxland=0 HTTP/1.1" 200 7877
INFO:DataCollection.houseSpeakingSameScraper:Successfully received data
INFO:root:Application has successfully scraped data
INFO:root:Application finished
INFO:root:Application started
INFO:DataCollection.houseSpeakingSameScraper:Beginning data scraping process for URL: http://house.speakingsame.com/p.php?q=Dayton&p=29&s=1&st=&type=&count=300&region=Dayton&lat=0&lng=0&sta=wa&htype=&agent=0&minprice=0&maxprice=0&minbed=1&maxbed=0&minland=0&maxland=0
INFO:DataCollection.houseSpeakingSameScraper:Validating URL: http://house.speakingsame.com/p.php?q=Dayton&p=29&s=1&st=&type=&count=300&region=Dayton&lat=0&lng=0&sta=wa&htype=&agent=0&minprice=0&maxprice=0&minbed=1&maxbed=0&minland=0&maxland=0
INFO:DataCollection.houseSpeakingSameScraper:Valid URL
INFO:DataCollection.houseSpeakingSameScraper:Getting pages from URL: http://house.speakingsame.com/p.php?q=Dayton&p=29&s=1&st=&type=&count=300&region=Dayton&lat=0&lng=0&sta=wa&htype=&agent=0&minprice=0&maxprice=0&minbed=1&maxbed=0&minland=0&maxland=0
INFO:DataCollection.houseSpeakingSameScraper:Scraping data from: http://house.speakingsame.com/p.php?q=Dayton&p=0&s=1&st=&type=&count=300&region=Dayton&lat=0&lng=0&sta=wa&htype=&agent=0&minprice=0&maxprice=0&minbed=1&maxbed=0&minland=0&maxland=0
DEBUG:urllib3.connectionpool:Starting new HTTP connection (1): house.speakingsame.com:80
DEBUG:urllib3.connectionpool:http://house.speakingsame.com:80 "GET /p.php?q=Dayton&p=0&s=1&st=&type=&count=300&region=Dayton&lat=0&lng=0&sta=wa&htype=&agent=0&minprice=0&maxprice=0&minbed=1&maxbed=0&minland=0&maxland=0 HTTP/1.1" 200 7877
INFO:DataCollection.houseSpeakingSameScraper:Successfully received data
INFO:root:Application has successfully scraped data
INFO:root:Application finished
INFO:root:Application started
INFO:DataCollection.houseSpeakingSameScraper:Beginning data scraping process for URL: http://house.speakingsame.com/p.php?q=Dayton&p=29&s=1&st=&type=&count=300&region=Dayton&lat=0&lng=0&sta=wa&htype=&agent=0&minprice=0&maxprice=0&minbed=1&maxbed=0&minland=0&maxland=0
INFO:DataCollection.houseSpeakingSameScraper:Validating URL: http://house.speakingsame.com/p.php?q=Dayton&p=29&s=1&st=&type=&count=300&region=Dayton&lat=0&lng=0&sta=wa&htype=&agent=0&minprice=0&maxprice=0&minbed=1&maxbed=0&minland=0&maxland=0
INFO:DataCollection.houseSpeakingSameScraper:Valid URL
INFO:DataCollection.houseSpeakingSameScraper:Getting pages from URL: http://house.speakingsame.com/p.php?q=Dayton&p=29&s=1&st=&type=&count=300&region=Dayton&lat=0&lng=0&sta=wa&htype=&agent=0&minprice=0&maxprice=0&minbed=1&maxbed=0&minland=0&maxland=0
INFO:DataCollection.houseSpeakingSameScraper:Scraping data from: http://house.speakingsame.com/p.php?q=Dayton&p=0&s=1&st=&type=&count=300&region=Dayton&lat=0&lng=0&sta=wa&htype=&agent=0&minprice=0&maxprice=0&minbed=1&maxbed=0&minland=0&maxland=0
DEBUG:urllib3.connectionpool:Starting new HTTP connection (1): house.speakingsame.com:80
DEBUG:urllib3.connectionpool:http://house.speakingsame.com:80 "GET /p.php?q=Dayton&p=0&s=1&st=&type=&count=300&region=Dayton&lat=0&lng=0&sta=wa&htype=&agent=0&minprice=0&maxprice=0&minbed=1&maxbed=0&minland=0&maxland=0 HTTP/1.1" 200 7877
INFO:DataCollection.houseSpeakingSameScraper:Successfully received data
INFO:root:Application has successfully scraped data
INFO:root:Application finished
INFO:root:Application started
INFO:DataCollection.houseSpeakingSameScraper:Beginning data scraping process for URL: http://house.speakingsame.com/p.php?q=Dayton&p=29&s=1&st=&type=&count=300&region=Dayton&lat=0&lng=0&sta=wa&htype=&agent=0&minprice=0&maxprice=0&minbed=1&maxbed=0&minland=0&maxland=0
INFO:DataCollection.houseSpeakingSameScraper:Validating URL: http://house.speakingsame.com/p.php?q=Dayton&p=29&s=1&st=&type=&count=300&region=Dayton&lat=0&lng=0&sta=wa&htype=&agent=0&minprice=0&maxprice=0&minbed=1&maxbed=0&minland=0&maxland=0
INFO:DataCollection.houseSpeakingSameScraper:Valid URL
INFO:DataCollection.houseSpeakingSameScraper:Getting pages from URL: http://house.speakingsame.com/p.php?q=Dayton&p=29&s=1&st=&type=&count=300&region=Dayton&lat=0&lng=0&sta=wa&htype=&agent=0&minprice=0&maxprice=0&minbed=1&maxbed=0&minland=0&maxland=0
INFO:DataCollection.houseSpeakingSameScraper:Scraping data from: http://house.speakingsame.com/p.php?q=Dayton&p=0&s=1&st=&type=&count=300&region=Dayton&lat=0&lng=0&sta=wa&htype=&agent=0&minprice=0&maxprice=0&minbed=1&maxbed=0&minland=0&maxland=0
DEBUG:urllib3.connectionpool:Starting new HTTP connection (1): house.speakingsame.com:80
DEBUG:urllib3.connectionpool:http://house.speakingsame.com:80 "GET /p.php?q=Dayton&p=0&s=1&st=&type=&count=300&region=Dayton&lat=0&lng=0&sta=wa&htype=&agent=0&minprice=0&maxprice=0&minbed=1&maxbed=0&minland=0&maxland=0 HTTP/1.1" 200 7877
INFO:DataCollection.houseSpeakingSameScraper:Successfully received data
INFO:root:Application has successfully scraped data
INFO:root:Application finished
INFO:root:Application started
INFO:DataCollection.houseSpeakingSameScraper:Beginning data scraping process for URL: http://house.speakingsame.com/p.php?q=Dayton&p=29&s=1&st=&type=&count=300&region=Dayton&lat=0&lng=0&sta=wa&htype=&agent=0&minprice=0&maxprice=0&minbed=1&maxbed=0&minland=0&maxland=0
INFO:DataCollection.houseSpeakingSameScraper:Validating URL: http://house.speakingsame.com/p.php?q=Dayton&p=29&s=1&st=&type=&count=300&region=Dayton&lat=0&lng=0&sta=wa&htype=&agent=0&minprice=0&maxprice=0&minbed=1&maxbed=0&minland=0&maxland=0
INFO:DataCollection.houseSpeakingSameScraper:Valid URL
INFO:DataCollection.houseSpeakingSameScraper:Getting pages from URL: http://house.speakingsame.com/p.php?q=Dayton&p=29&s=1&st=&type=&count=300&region=Dayton&lat=0&lng=0&sta=wa&htype=&agent=0&minprice=0&maxprice=0&minbed=1&maxbed=0&minland=0&maxland=0
INFO:DataCollection.houseSpeakingSameScraper:Scraping data from: http://house.speakingsame.com/p.php?q=Dayton&p=0&s=1&st=&type=&count=300&region=Dayton&lat=0&lng=0&sta=wa&htype=&agent=0&minprice=0&maxprice=0&minbed=1&maxbed=0&minland=0&maxland=0
DEBUG:urllib3.connectionpool:Starting new HTTP connection (1): house.speakingsame.com:80
DEBUG:urllib3.connectionpool:http://house.speakingsame.com:80 "GET /p.php?q=Dayton&p=0&s=1&st=&type=&count=300&region=Dayton&lat=0&lng=0&sta=wa&htype=&agent=0&minprice=0&maxprice=0&minbed=1&maxbed=0&minland=0&maxland=0 HTTP/1.1" 200 7877
INFO:DataCollection.houseSpeakingSameScraper:Successfully received data
INFO:root:Application has successfully scraped data
INFO:root:Application finished
INFO:root:Application started
INFO:DataCollection.houseSpeakingSameScraper:Beginning data scraping process for URL: http://house.speakingsame.com/p.php?q=Dayton&p=29&s=1&st=&type=&count=300&region=Dayton&lat=0&lng=0&sta=wa&htype=&agent=0&minprice=0&maxprice=0&minbed=1&maxbed=0&minland=0&maxland=0
INFO:DataCollection.houseSpeakingSameScraper:Validating URL: http://house.speakingsame.com/p.php?q=Dayton&p=29&s=1&st=&type=&count=300&region=Dayton&lat=0&lng=0&sta=wa&htype=&agent=0&minprice=0&maxprice=0&minbed=1&maxbed=0&minland=0&maxland=0
INFO:DataCollection.houseSpeakingSameScraper:Valid URL
INFO:DataCollection.houseSpeakingSameScraper:Getting pages from URL: http://house.speakingsame.com/p.php?q=Dayton&p=29&s=1&st=&type=&count=300&region=Dayton&lat=0&lng=0&sta=wa&htype=&agent=0&minprice=0&maxprice=0&minbed=1&maxbed=0&minland=0&maxland=0
INFO:DataCollection.houseSpeakingSameScraper:Scraping data from: http://house.speakingsame.com/p.php?q=Dayton&p=0&s=1&st=&type=&count=300&region=Dayton&lat=0&lng=0&sta=wa&htype=&agent=0&minprice=0&maxprice=0&minbed=1&maxbed=0&minland=0&maxland=0
DEBUG:urllib3.connectionpool:Starting new HTTP connection (1): house.speakingsame.com:80
DEBUG:urllib3.connectionpool:http://house.speakingsame.com:80 "GET /p.php?q=Dayton&p=0&s=1&st=&type=&count=300&region=Dayton&lat=0&lng=0&sta=wa&htype=&agent=0&minprice=0&maxprice=0&minbed=1&maxbed=0&minland=0&maxland=0 HTTP/1.1" 200 7877
INFO:DataCollection.houseSpeakingSameScraper:Successfully received data
INFO:root:Application has successfully scraped data
INFO:root:Application finished
INFO:root:Application started
INFO:DataCollection.houseSpeakingSameScraper:Beginning data scraping process for URL: http://house.speakingsame.com/p.php?q=Dayton&p=29&s=1&st=&type=&count=300&region=Dayton&lat=0&lng=0&sta=wa&htype=&agent=0&minprice=0&maxprice=0&minbed=1&maxbed=0&minland=0&maxland=0
INFO:DataCollection.houseSpeakingSameScraper:Validating URL: http://house.speakingsame.com/p.php?q=Dayton&p=29&s=1&st=&type=&count=300&region=Dayton&lat=0&lng=0&sta=wa&htype=&agent=0&minprice=0&maxprice=0&minbed=1&maxbed=0&minland=0&maxland=0
INFO:DataCollection.houseSpeakingSameScraper:Valid URL
INFO:DataCollection.houseSpeakingSameScraper:Getting pages from URL: http://house.speakingsame.com/p.php?q=Dayton&p=29&s=1&st=&type=&count=300&region=Dayton&lat=0&lng=0&sta=wa&htype=&agent=0&minprice=0&maxprice=0&minbed=1&maxbed=0&minland=0&maxland=0
INFO:DataCollection.houseSpeakingSameScraper:Scraping data from: http://house.speakingsame.com/p.php?q=Dayton&p=0&s=1&st=&type=&count=300&region=Dayton&lat=0&lng=0&sta=wa&htype=&agent=0&minprice=0&maxprice=0&minbed=1&maxbed=0&minland=0&maxland=0
DEBUG:urllib3.connectionpool:Starting new HTTP connection (1): house.speakingsame.com:80
DEBUG:urllib3.connectionpool:http://house.speakingsame.com:80 "GET /p.php?q=Dayton&p=0&s=1&st=&type=&count=300&region=Dayton&lat=0&lng=0&sta=wa&htype=&agent=0&minprice=0&maxprice=0&minbed=1&maxbed=0&minland=0&maxland=0 HTTP/1.1" 200 7877
INFO:DataCollection.houseSpeakingSameScraper:Successfully received data
INFO:root:Application has successfully scraped data
INFO:root:Application finished
INFO:root:Application started
INFO:DataCollection.houseSpeakingSameScraper:Beginning data scraping process for URL: http://house.speakingsame.com/p.php?q=Dayton&p=29&s=1&st=&type=&count=300&region=Dayton&lat=0&lng=0&sta=wa&htype=&agent=0&minprice=0&maxprice=0&minbed=1&maxbed=0&minland=0&maxland=0
INFO:DataCollection.houseSpeakingSameScraper:Validating URL: http://house.speakingsame.com/p.php?q=Dayton&p=29&s=1&st=&type=&count=300&region=Dayton&lat=0&lng=0&sta=wa&htype=&agent=0&minprice=0&maxprice=0&minbed=1&maxbed=0&minland=0&maxland=0
INFO:DataCollection.houseSpeakingSameScraper:Valid URL
INFO:DataCollection.houseSpeakingSameScraper:Getting pages from URL: http://house.speakingsame.com/p.php?q=Dayton&p=29&s=1&st=&type=&count=300&region=Dayton&lat=0&lng=0&sta=wa&htype=&agent=0&minprice=0&maxprice=0&minbed=1&maxbed=0&minland=0&maxland=0
INFO:DataCollection.houseSpeakingSameScraper:Scraping data from: http://house.speakingsame.com/p.php?q=Dayton&p=0&s=1&st=&type=&count=300&region=Dayton&lat=0&lng=0&sta=wa&htype=&agent=0&minprice=0&maxprice=0&minbed=1&maxbed=0&minland=0&maxland=0
DEBUG:urllib3.connectionpool:Starting new HTTP connection (1): house.speakingsame.com:80
DEBUG:urllib3.connectionpool:http://house.speakingsame.com:80 "GET /p.php?q=Dayton&p=0&s=1&st=&type=&count=300&region=Dayton&lat=0&lng=0&sta=wa&htype=&agent=0&minprice=0&maxprice=0&minbed=1&maxbed=0&minland=0&maxland=0 HTTP/1.1" 200 7877
INFO:DataCollection.houseSpeakingSameScraper:Successfully received data
INFO:root:Application has successfully scraped data
INFO:root:Application finished
INFO:root:Application started
INFO:DataCollection.houseSpeakingSameScraper:Beginning data scraping process for URL: http://house.speakingsame.com/p.php?q=Dayton&p=29&s=1&st=&type=&count=300&region=Dayton&lat=0&lng=0&sta=wa&htype=&agent=0&minprice=0&maxprice=0&minbed=1&maxbed=0&minland=0&maxland=0
INFO:DataCollection.houseSpeakingSameScraper:Validating URL: http://house.speakingsame.com/p.php?q=Dayton&p=29&s=1&st=&type=&count=300&region=Dayton&lat=0&lng=0&sta=wa&htype=&agent=0&minprice=0&maxprice=0&minbed=1&maxbed=0&minland=0&maxland=0
INFO:DataCollection.houseSpeakingSameScraper:Valid URL
INFO:DataCollection.houseSpeakingSameScraper:Getting pages from URL: http://house.speakingsame.com/p.php?q=Dayton&p=29&s=1&st=&type=&count=300&region=Dayton&lat=0&lng=0&sta=wa&htype=&agent=0&minprice=0&maxprice=0&minbed=1&maxbed=0&minland=0&maxland=0
INFO:DataCollection.houseSpeakingSameScraper:Scraping data from: http://house.speakingsame.com/p.php?q=Dayton&p=0&s=1&st=&type=&count=300&region=Dayton&lat=0&lng=0&sta=wa&htype=&agent=0&minprice=0&maxprice=0&minbed=1&maxbed=0&minland=0&maxland=0
DEBUG:urllib3.connectionpool:Starting new HTTP connection (1): house.speakingsame.com:80
DEBUG:urllib3.connectionpool:http://house.speakingsame.com:80 "GET /p.php?q=Dayton&p=0&s=1&st=&type=&count=300&region=Dayton&lat=0&lng=0&sta=wa&htype=&agent=0&minprice=0&maxprice=0&minbed=1&maxbed=0&minland=0&maxland=0 HTTP/1.1" 200 7877
INFO:DataCollection.houseSpeakingSameScraper:Successfully received data
INFO:root:Application has successfully scraped data
INFO:root:Application finished
INFO:root:Application started
INFO:DataCollection.houseSpeakingSameScraper:Beginning data scraping process for URL: http://house.speakingsame.com/p.php?q=Dayton&p=29&s=1&st=&type=&count=300&region=Dayton&lat=0&lng=0&sta=wa&htype=&agent=0&minprice=0&maxprice=0&minbed=1&maxbed=0&minland=0&maxland=0
INFO:DataCollection.houseSpeakingSameScraper:Validating URL: http://house.speakingsame.com/p.php?q=Dayton&p=29&s=1&st=&type=&count=300&region=Dayton&lat=0&lng=0&sta=wa&htype=&agent=0&minprice=0&maxprice=0&minbed=1&maxbed=0&minland=0&maxland=0
INFO:DataCollection.houseSpeakingSameScraper:Valid URL
INFO:DataCollection.houseSpeakingSameScraper:Getting pages from URL: http://house.speakingsame.com/p.php?q=Dayton&p=29&s=1&st=&type=&count=300&region=Dayton&lat=0&lng=0&sta=wa&htype=&agent=0&minprice=0&maxprice=0&minbed=1&maxbed=0&minland=0&maxland=0
INFO:DataCollection.houseSpeakingSameScraper:Scraping data from: http://house.speakingsame.com/p.php?q=Dayton&p=0&s=1&st=&type=&count=300&region=Dayton&lat=0&lng=0&sta=wa&htype=&agent=0&minprice=0&maxprice=0&minbed=1&maxbed=0&minland=0&maxland=0
DEBUG:urllib3.connectionpool:Starting new HTTP connection (1): house.speakingsame.com:80
DEBUG:urllib3.connectionpool:http://house.speakingsame.com:80 "GET /p.php?q=Dayton&p=0&s=1&st=&type=&count=300&region=Dayton&lat=0&lng=0&sta=wa&htype=&agent=0&minprice=0&maxprice=0&minbed=1&maxbed=0&minland=0&maxland=0 HTTP/1.1" 200 7877
INFO:DataCollection.houseSpeakingSameScraper:Successfully received data
INFO:root:Application has successfully scraped data
INFO:root:Application finished
INFO:root:Application started
INFO:DataCollection.houseSpeakingSameScraper:Beginning data scraping process for URL: http://house.speakingsame.com/p.php?q=Dayton&p=29&s=1&st=&type=&count=300&region=Dayton&lat=0&lng=0&sta=wa&htype=&agent=0&minprice=0&maxprice=0&minbed=1&maxbed=0&minland=0&maxland=0
INFO:DataCollection.houseSpeakingSameScraper:Validating URL: http://house.speakingsame.com/p.php?q=Dayton&p=29&s=1&st=&type=&count=300&region=Dayton&lat=0&lng=0&sta=wa&htype=&agent=0&minprice=0&maxprice=0&minbed=1&maxbed=0&minland=0&maxland=0
INFO:DataCollection.houseSpeakingSameScraper:Valid URL
INFO:DataCollection.houseSpeakingSameScraper:Getting pages from URL: http://house.speakingsame.com/p.php?q=Dayton&p=29&s=1&st=&type=&count=300&region=Dayton&lat=0&lng=0&sta=wa&htype=&agent=0&minprice=0&maxprice=0&minbed=1&maxbed=0&minland=0&maxland=0
INFO:DataCollection.houseSpeakingSameScraper:Scraping data from: http://house.speakingsame.com/p.php?q=Dayton&p=0&s=1&st=&type=&count=300&region=Dayton&lat=0&lng=0&sta=wa&htype=&agent=0&minprice=0&maxprice=0&minbed=1&maxbed=0&minland=0&maxland=0
DEBUG:urllib3.connectionpool:Starting new HTTP connection (1): house.speakingsame.com:80
DEBUG:urllib3.connectionpool:http://house.speakingsame.com:80 "GET /p.php?q=Dayton&p=0&s=1&st=&type=&count=300&region=Dayton&lat=0&lng=0&sta=wa&htype=&agent=0&minprice=0&maxprice=0&minbed=1&maxbed=0&minland=0&maxland=0 HTTP/1.1" 200 7877
INFO:DataCollection.houseSpeakingSameScraper:Successfully received data
INFO:DataCollection.houseSpeakingSameScraper:Scraping data from: http://house.speakingsame.com/p.php?q=Dayton&p=1&s=1&st=&type=&count=300&region=Dayton&lat=0&lng=0&sta=wa&htype=&agent=0&minprice=0&maxprice=0&minbed=1&maxbed=0&minland=0&maxland=0
DEBUG:urllib3.connectionpool:Starting new HTTP connection (1): house.speakingsame.com:80
DEBUG:urllib3.connectionpool:http://house.speakingsame.com:80 "GET /p.php?q=Dayton&p=1&s=1&st=&type=&count=300&region=Dayton&lat=0&lng=0&sta=wa&htype=&agent=0&minprice=0&maxprice=0&minbed=1&maxbed=0&minland=0&maxland=0 HTTP/1.1" 200 7873
INFO:DataCollection.houseSpeakingSameScraper:Successfully received data
INFO:DataCollection.houseSpeakingSameScraper:Scraping data from: http://house.speakingsame.com/p.php?q=Dayton&p=2&s=1&st=&type=&count=300&region=Dayton&lat=0&lng=0&sta=wa&htype=&agent=0&minprice=0&maxprice=0&minbed=1&maxbed=0&minland=0&maxland=0
DEBUG:urllib3.connectionpool:Starting new HTTP connection (1): house.speakingsame.com:80
DEBUG:urllib3.connectionpool:http://house.speakingsame.com:80 "GET /p.php?q=Dayton&p=2&s=1&st=&type=&count=300&region=Dayton&lat=0&lng=0&sta=wa&htype=&agent=0&minprice=0&maxprice=0&minbed=1&maxbed=0&minland=0&maxland=0 HTTP/1.1" 200 7917
INFO:DataCollection.houseSpeakingSameScraper:Successfully received data
INFO:DataCollection.houseSpeakingSameScraper:Scraping data from: http://house.speakingsame.com/p.php?q=Dayton&p=3&s=1&st=&type=&count=300&region=Dayton&lat=0&lng=0&sta=wa&htype=&agent=0&minprice=0&maxprice=0&minbed=1&maxbed=0&minland=0&maxland=0
DEBUG:urllib3.connectionpool:Starting new HTTP connection (1): house.speakingsame.com:80
DEBUG:urllib3.connectionpool:http://house.speakingsame.com:80 "GET /p.php?q=Dayton&p=3&s=1&st=&type=&count=300&region=Dayton&lat=0&lng=0&sta=wa&htype=&agent=0&minprice=0&maxprice=0&minbed=1&maxbed=0&minland=0&maxland=0 HTTP/1.1" 200 None
INFO:DataCollection.houseSpeakingSameScraper:Successfully received data
INFO:DataCollection.houseSpeakingSameScraper:Scraping data from: http://house.speakingsame.com/p.php?q=Dayton&p=4&s=1&st=&type=&count=300&region=Dayton&lat=0&lng=0&sta=wa&htype=&agent=0&minprice=0&maxprice=0&minbed=1&maxbed=0&minland=0&maxland=0
DEBUG:urllib3.connectionpool:Starting new HTTP connection (1): house.speakingsame.com:80
DEBUG:urllib3.connectionpool:http://house.speakingsame.com:80 "GET /p.php?q=Dayton&p=4&s=1&st=&type=&count=300&region=Dayton&lat=0&lng=0&sta=wa&htype=&agent=0&minprice=0&maxprice=0&minbed=1&maxbed=0&minland=0&maxland=0 HTTP/1.1" 200 None
INFO:DataCollection.houseSpeakingSameScraper:Successfully received data
INFO:DataCollection.houseSpeakingSameScraper:Scraping data from: http://house.speakingsame.com/p.php?q=Dayton&p=5&s=1&st=&type=&count=300&region=Dayton&lat=0&lng=0&sta=wa&htype=&agent=0&minprice=0&maxprice=0&minbed=1&maxbed=0&minland=0&maxland=0
DEBUG:urllib3.connectionpool:Starting new HTTP connection (1): house.speakingsame.com:80
DEBUG:urllib3.connectionpool:http://house.speakingsame.com:80 "GET /p.php?q=Dayton&p=5&s=1&st=&type=&count=300&region=Dayton&lat=0&lng=0&sta=wa&htype=&agent=0&minprice=0&maxprice=0&minbed=1&maxbed=0&minland=0&maxland=0 HTTP/1.1" 200 None
INFO:DataCollection.houseSpeakingSameScraper:Successfully received data
INFO:DataCollection.houseSpeakingSameScraper:Scraping data from: http://house.speakingsame.com/p.php?q=Dayton&p=6&s=1&st=&type=&count=300&region=Dayton&lat=0&lng=0&sta=wa&htype=&agent=0&minprice=0&maxprice=0&minbed=1&maxbed=0&minland=0&maxland=0
DEBUG:urllib3.connectionpool:Starting new HTTP connection (1): house.speakingsame.com:80
DEBUG:urllib3.connectionpool:http://house.speakingsame.com:80 "GET /p.php?q=Dayton&p=6&s=1&st=&type=&count=300&region=Dayton&lat=0&lng=0&sta=wa&htype=&agent=0&minprice=0&maxprice=0&minbed=1&maxbed=0&minland=0&maxland=0 HTTP/1.1" 200 None
INFO:DataCollection.houseSpeakingSameScraper:Successfully received data
INFO:DataCollection.houseSpeakingSameScraper:Scraping data from: http://house.speakingsame.com/p.php?q=Dayton&p=7&s=1&st=&type=&count=300&region=Dayton&lat=0&lng=0&sta=wa&htype=&agent=0&minprice=0&maxprice=0&minbed=1&maxbed=0&minland=0&maxland=0
DEBUG:urllib3.connectionpool:Starting new HTTP connection (1): house.speakingsame.com:80
DEBUG:urllib3.connectionpool:http://house.speakingsame.com:80 "GET /p.php?q=Dayton&p=7&s=1&st=&type=&count=300&region=Dayton&lat=0&lng=0&sta=wa&htype=&agent=0&minprice=0&maxprice=0&minbed=1&maxbed=0&minland=0&maxland=0 HTTP/1.1" 200 None
INFO:DataCollection.houseSpeakingSameScraper:Successfully received data
INFO:DataCollection.houseSpeakingSameScraper:Scraping data from: http://house.speakingsame.com/p.php?q=Dayton&p=8&s=1&st=&type=&count=300&region=Dayton&lat=0&lng=0&sta=wa&htype=&agent=0&minprice=0&maxprice=0&minbed=1&maxbed=0&minland=0&maxland=0
DEBUG:urllib3.connectionpool:Starting new HTTP connection (1): house.speakingsame.com:80
INFO:root:Application started
INFO:DataCollection.houseSpeakingSameScraper:Beginning data scraping process for URL: http://house.speakingsame.com/p.php?q=Dayton&p=29&s=1&st=&type=&count=300&region=Dayton&lat=0&lng=0&sta=wa&htype=&agent=0&minprice=0&maxprice=0&minbed=1&maxbed=0&minland=0&maxland=0
INFO:DataCollection.houseSpeakingSameScraper:Validating URL: http://house.speakingsame.com/p.php?q=Dayton&p=29&s=1&st=&type=&count=300&region=Dayton&lat=0&lng=0&sta=wa&htype=&agent=0&minprice=0&maxprice=0&minbed=1&maxbed=0&minland=0&maxland=0
INFO:DataCollection.houseSpeakingSameScraper:Valid URL
INFO:DataCollection.houseSpeakingSameScraper:Getting pages from URL: http://house.speakingsame.com/p.php?q=Dayton&p=29&s=1&st=&type=&count=300&region=Dayton&lat=0&lng=0&sta=wa&htype=&agent=0&minprice=0&maxprice=0&minbed=1&maxbed=0&minland=0&maxland=0
INFO:DataCollection.houseSpeakingSameScraper:Scraping data from: http://house.speakingsame.com/p.php?q=Dayton&p=0&s=1&st=&type=&count=300&region=Dayton&lat=0&lng=0&sta=wa&htype=&agent=0&minprice=0&maxprice=0&minbed=1&maxbed=0&minland=0&maxland=0
DEBUG:urllib3.connectionpool:Starting new HTTP connection (1): house.speakingsame.com:80
DEBUG:urllib3.connectionpool:http://house.speakingsame.com:80 "GET /p.php?q=Dayton&p=0&s=1&st=&type=&count=300&region=Dayton&lat=0&lng=0&sta=wa&htype=&agent=0&minprice=0&maxprice=0&minbed=1&maxbed=0&minland=0&maxland=0 HTTP/1.1" 200 7877
INFO:DataCollection.houseSpeakingSameScraper:Successfully received data
INFO:root:Application started
INFO:DataCollection.houseSpeakingSameScraper:Beginning data scraping process for URL: http://house.speakingsame.com/p.php?q=Dayton&p=29&s=1&st=&type=&count=300&region=Dayton&lat=0&lng=0&sta=wa&htype=&agent=0&minprice=0&maxprice=0&minbed=1&maxbed=0&minland=0&maxland=0
INFO:DataCollection.houseSpeakingSameScraper:Validating URL: http://house.speakingsame.com/p.php?q=Dayton&p=29&s=1&st=&type=&count=300&region=Dayton&lat=0&lng=0&sta=wa&htype=&agent=0&minprice=0&maxprice=0&minbed=1&maxbed=0&minland=0&maxland=0
INFO:DataCollection.houseSpeakingSameScraper:Valid URL
INFO:DataCollection.houseSpeakingSameScraper:Getting pages from URL: http://house.speakingsame.com/p.php?q=Dayton&p=29&s=1&st=&type=&count=300&region=Dayton&lat=0&lng=0&sta=wa&htype=&agent=0&minprice=0&maxprice=0&minbed=1&maxbed=0&minland=0&maxland=0
INFO:DataCollection.houseSpeakingSameScraper:Scraping data from: http://house.speakingsame.com/p.php?q=Dayton&p=0&s=1&st=&type=&count=300&region=Dayton&lat=0&lng=0&sta=wa&htype=&agent=0&minprice=0&maxprice=0&minbed=1&maxbed=0&minland=0&maxland=0
DEBUG:urllib3.connectionpool:Starting new HTTP connection (1): house.speakingsame.com:80
DEBUG:urllib3.connectionpool:http://house.speakingsame.com:80 "GET /p.php?q=Dayton&p=0&s=1&st=&type=&count=300&region=Dayton&lat=0&lng=0&sta=wa&htype=&agent=0&minprice=0&maxprice=0&minbed=1&maxbed=0&minland=0&maxland=0 HTTP/1.1" 200 7877
INFO:DataCollection.houseSpeakingSameScraper:Successfully received data
INFO:DataCollection.houseSpeakingSameScraper:Processing raw data for a single page
INFO:root:Application started
INFO:DataCollection.houseSpeakingSameScraper:Beginning data scraping process for URL: http://house.speakingsame.com/p.php?q=Dayton&p=29&s=1&st=&type=&count=300&region=Dayton&lat=0&lng=0&sta=wa&htype=&agent=0&minprice=0&maxprice=0&minbed=1&maxbed=0&minland=0&maxland=0
INFO:DataCollection.houseSpeakingSameScraper:Validating URL: http://house.speakingsame.com/p.php?q=Dayton&p=29&s=1&st=&type=&count=300&region=Dayton&lat=0&lng=0&sta=wa&htype=&agent=0&minprice=0&maxprice=0&minbed=1&maxbed=0&minland=0&maxland=0
INFO:DataCollection.houseSpeakingSameScraper:Valid URL
INFO:DataCollection.houseSpeakingSameScraper:Getting pages from URL: http://house.speakingsame.com/p.php?q=Dayton&p=29&s=1&st=&type=&count=300&region=Dayton&lat=0&lng=0&sta=wa&htype=&agent=0&minprice=0&maxprice=0&minbed=1&maxbed=0&minland=0&maxland=0
INFO:DataCollection.houseSpeakingSameScraper:Scraping data from: http://house.speakingsame.com/p.php?q=Dayton&p=0&s=1&st=&type=&count=300&region=Dayton&lat=0&lng=0&sta=wa&htype=&agent=0&minprice=0&maxprice=0&minbed=1&maxbed=0&minland=0&maxland=0
DEBUG:urllib3.connectionpool:Starting new HTTP connection (1): house.speakingsame.com:80
DEBUG:urllib3.connectionpool:http://house.speakingsame.com:80 "GET /p.php?q=Dayton&p=0&s=1&st=&type=&count=300&region=Dayton&lat=0&lng=0&sta=wa&htype=&agent=0&minprice=0&maxprice=0&minbed=1&maxbed=0&minland=0&maxland=0 HTTP/1.1" 200 7877
INFO:DataCollection.houseSpeakingSameScraper:Successfully received data
INFO:DataCollection.houseSpeakingSameScraper:Processing raw data for a single page
INFO:root:Application started
INFO:DataCollection.houseSpeakingSameScraper:Beginning data scraping process for URL: http://house.speakingsame.com/p.php?q=Dayton&p=29&s=1&st=&type=&count=300&region=Dayton&lat=0&lng=0&sta=wa&htype=&agent=0&minprice=0&maxprice=0&minbed=1&maxbed=0&minland=0&maxland=0
INFO:DataCollection.houseSpeakingSameScraper:Validating URL: http://house.speakingsame.com/p.php?q=Dayton&p=29&s=1&st=&type=&count=300&region=Dayton&lat=0&lng=0&sta=wa&htype=&agent=0&minprice=0&maxprice=0&minbed=1&maxbed=0&minland=0&maxland=0
INFO:DataCollection.houseSpeakingSameScraper:Valid URL
INFO:DataCollection.houseSpeakingSameScraper:Getting pages from URL: http://house.speakingsame.com/p.php?q=Dayton&p=29&s=1&st=&type=&count=300&region=Dayton&lat=0&lng=0&sta=wa&htype=&agent=0&minprice=0&maxprice=0&minbed=1&maxbed=0&minland=0&maxland=0
INFO:DataCollection.houseSpeakingSameScraper:Scraping data from: http://house.speakingsame.com/p.php?q=Dayton&p=0&s=1&st=&type=&count=300&region=Dayton&lat=0&lng=0&sta=wa&htype=&agent=0&minprice=0&maxprice=0&minbed=1&maxbed=0&minland=0&maxland=0
DEBUG:urllib3.connectionpool:Starting new HTTP connection (1): house.speakingsame.com:80
DEBUG:urllib3.connectionpool:http://house.speakingsame.com:80 "GET /p.php?q=Dayton&p=0&s=1&st=&type=&count=300&region=Dayton&lat=0&lng=0&sta=wa&htype=&agent=0&minprice=0&maxprice=0&minbed=1&maxbed=0&minland=0&maxland=0 HTTP/1.1" 200 7877
INFO:DataCollection.houseSpeakingSameScraper:Successfully received data
INFO:DataCollection.houseSpeakingSameScraper:Processing raw data for a single page
INFO:DataCollection.houseSpeakingSameScraper:Directory already exists
INFO:root:Application has successfully scraped data
INFO:root:Application finished
INFO:root:Application started
INFO:DataCollection.houseSpeakingSameScraper:Beginning data scraping process for URL: http://house.speakingsame.com/p.php?q=Dayton&p=29&s=1&st=&type=&count=300&region=Dayton&lat=0&lng=0&sta=wa&htype=&agent=0&minprice=0&maxprice=0&minbed=1&maxbed=0&minland=0&maxland=0
INFO:DataCollection.houseSpeakingSameScraper:Validating URL: http://house.speakingsame.com/p.php?q=Dayton&p=29&s=1&st=&type=&count=300&region=Dayton&lat=0&lng=0&sta=wa&htype=&agent=0&minprice=0&maxprice=0&minbed=1&maxbed=0&minland=0&maxland=0
INFO:DataCollection.houseSpeakingSameScraper:Valid URL
INFO:DataCollection.houseSpeakingSameScraper:Getting pages from URL: http://house.speakingsame.com/p.php?q=Dayton&p=29&s=1&st=&type=&count=300&region=Dayton&lat=0&lng=0&sta=wa&htype=&agent=0&minprice=0&maxprice=0&minbed=1&maxbed=0&minland=0&maxland=0
INFO:DataCollection.houseSpeakingSameScraper:Scraping data from: http://house.speakingsame.com/p.php?q=Dayton&p=0&s=1&st=&type=&count=300&region=Dayton&lat=0&lng=0&sta=wa&htype=&agent=0&minprice=0&maxprice=0&minbed=1&maxbed=0&minland=0&maxland=0
DEBUG:urllib3.connectionpool:Starting new HTTP connection (1): house.speakingsame.com:80
DEBUG:urllib3.connectionpool:http://house.speakingsame.com:80 "GET /p.php?q=Dayton&p=0&s=1&st=&type=&count=300&region=Dayton&lat=0&lng=0&sta=wa&htype=&agent=0&minprice=0&maxprice=0&minbed=1&maxbed=0&minland=0&maxland=0 HTTP/1.1" 200 7877
INFO:DataCollection.houseSpeakingSameScraper:Successfully received data
INFO:DataCollection.houseSpeakingSameScraper:Processing raw data for a single page
INFO:DataCollection.houseSpeakingSameScraper:Directory already exists
INFO:root:Application has successfully scraped data
INFO:root:Application finished
INFO:root:Application started
INFO:DataCollection.houseSpeakingSameScraper:Beginning data scraping process for URL: http://house.speakingsame.com/p.php?q=Dayton&p=29&s=1&st=&type=&count=300&region=Dayton&lat=0&lng=0&sta=wa&htype=&agent=0&minprice=0&maxprice=0&minbed=1&maxbed=0&minland=0&maxland=0
INFO:DataCollection.houseSpeakingSameScraper:Validating URL: http://house.speakingsame.com/p.php?q=Dayton&p=29&s=1&st=&type=&count=300&region=Dayton&lat=0&lng=0&sta=wa&htype=&agent=0&minprice=0&maxprice=0&minbed=1&maxbed=0&minland=0&maxland=0
INFO:DataCollection.houseSpeakingSameScraper:Valid URL
INFO:DataCollection.houseSpeakingSameScraper:Getting pages from URL: http://house.speakingsame.com/p.php?q=Dayton&p=29&s=1&st=&type=&count=300&region=Dayton&lat=0&lng=0&sta=wa&htype=&agent=0&minprice=0&maxprice=0&minbed=1&maxbed=0&minland=0&maxland=0
INFO:DataCollection.houseSpeakingSameScraper:Scraping data from: http://house.speakingsame.com/p.php?q=Dayton&p=0&s=1&st=&type=&count=300&region=Dayton&lat=0&lng=0&sta=wa&htype=&agent=0&minprice=0&maxprice=0&minbed=1&maxbed=0&minland=0&maxland=0
DEBUG:urllib3.connectionpool:Starting new HTTP connection (1): house.speakingsame.com:80
DEBUG:urllib3.connectionpool:http://house.speakingsame.com:80 "GET /p.php?q=Dayton&p=0&s=1&st=&type=&count=300&region=Dayton&lat=0&lng=0&sta=wa&htype=&agent=0&minprice=0&maxprice=0&minbed=1&maxbed=0&minland=0&maxland=0 HTTP/1.1" 200 7877
INFO:DataCollection.houseSpeakingSameScraper:Successfully received data
INFO:DataCollection.houseSpeakingSameScraper:Processing raw data for a single page
INFO:DataCollection.houseSpeakingSameScraper:Directory already exists
INFO:root:Application has successfully scraped data
INFO:root:Application finished
INFO:root:Application started
INFO:DataCollection.houseSpeakingSameScraper:Beginning data scraping process for URL: http://house.speakingsame.com/p.php?q=Dayton&p=29&s=1&st=&type=&count=300&region=Dayton&lat=0&lng=0&sta=wa&htype=&agent=0&minprice=0&maxprice=0&minbed=1&maxbed=0&minland=0&maxland=0
INFO:DataCollection.houseSpeakingSameScraper:Validating URL: http://house.speakingsame.com/p.php?q=Dayton&p=29&s=1&st=&type=&count=300&region=Dayton&lat=0&lng=0&sta=wa&htype=&agent=0&minprice=0&maxprice=0&minbed=1&maxbed=0&minland=0&maxland=0
INFO:DataCollection.houseSpeakingSameScraper:Valid URL
INFO:DataCollection.houseSpeakingSameScraper:Getting pages from URL: http://house.speakingsame.com/p.php?q=Dayton&p=29&s=1&st=&type=&count=300&region=Dayton&lat=0&lng=0&sta=wa&htype=&agent=0&minprice=0&maxprice=0&minbed=1&maxbed=0&minland=0&maxland=0
INFO:DataCollection.houseSpeakingSameScraper:Scraping data from: http://house.speakingsame.com/p.php?q=Dayton&p=0&s=1&st=&type=&count=300&region=Dayton&lat=0&lng=0&sta=wa&htype=&agent=0&minprice=0&maxprice=0&minbed=1&maxbed=0&minland=0&maxland=0
DEBUG:urllib3.connectionpool:Starting new HTTP connection (1): house.speakingsame.com:80
DEBUG:urllib3.connectionpool:http://house.speakingsame.com:80 "GET /p.php?q=Dayton&p=0&s=1&st=&type=&count=300&region=Dayton&lat=0&lng=0&sta=wa&htype=&agent=0&minprice=0&maxprice=0&minbed=1&maxbed=0&minland=0&maxland=0 HTTP/1.1" 200 7877
INFO:DataCollection.houseSpeakingSameScraper:Successfully received data
INFO:DataCollection.houseSpeakingSameScraper:Processing raw data for a single page
INFO:DataCollection.houseSpeakingSameScraper:Directory already exists
INFO:root:Application has successfully scraped data
INFO:root:Application finished
INFO:root:Application started
INFO:DataCollection.houseSpeakingSameScraper:Beginning data scraping process for URL: http://house.speakingsame.com/p.php?q=Dayton&p=29&s=1&st=&type=&count=300&region=Dayton&lat=0&lng=0&sta=wa&htype=&agent=0&minprice=0&maxprice=0&minbed=1&maxbed=0&minland=0&maxland=0
INFO:DataCollection.houseSpeakingSameScraper:Validating URL: http://house.speakingsame.com/p.php?q=Dayton&p=29&s=1&st=&type=&count=300&region=Dayton&lat=0&lng=0&sta=wa&htype=&agent=0&minprice=0&maxprice=0&minbed=1&maxbed=0&minland=0&maxland=0
INFO:DataCollection.houseSpeakingSameScraper:Valid URL
INFO:DataCollection.houseSpeakingSameScraper:Getting pages from URL: http://house.speakingsame.com/p.php?q=Dayton&p=29&s=1&st=&type=&count=300&region=Dayton&lat=0&lng=0&sta=wa&htype=&agent=0&minprice=0&maxprice=0&minbed=1&maxbed=0&minland=0&maxland=0
INFO:DataCollection.houseSpeakingSameScraper:Scraping data from: http://house.speakingsame.com/p.php?q=Dayton&p=0&s=1&st=&type=&count=300&region=Dayton&lat=0&lng=0&sta=wa&htype=&agent=0&minprice=0&maxprice=0&minbed=1&maxbed=0&minland=0&maxland=0
DEBUG:urllib3.connectionpool:Starting new HTTP connection (1): house.speakingsame.com:80
DEBUG:urllib3.connectionpool:http://house.speakingsame.com:80 "GET /p.php?q=Dayton&p=0&s=1&st=&type=&count=300&region=Dayton&lat=0&lng=0&sta=wa&htype=&agent=0&minprice=0&maxprice=0&minbed=1&maxbed=0&minland=0&maxland=0 HTTP/1.1" 200 7877
INFO:DataCollection.houseSpeakingSameScraper:Successfully received data
INFO:DataCollection.houseSpeakingSameScraper:Processing raw data for a single page
INFO:DataCollection.houseSpeakingSameScraper:Directory already exists
INFO:root:Application has successfully scraped data
INFO:root:Application finished
INFO:root:Application started
INFO:DataCollection.houseSpeakingSameScraper:Beginning data scraping process for URL: http://house.speakingsame.com/p.php?q=Dayton&p=29&s=1&st=&type=&count=300&region=Dayton&lat=0&lng=0&sta=wa&htype=&agent=0&minprice=0&maxprice=0&minbed=1&maxbed=0&minland=0&maxland=0
INFO:DataCollection.houseSpeakingSameScraper:Validating URL: http://house.speakingsame.com/p.php?q=Dayton&p=29&s=1&st=&type=&count=300&region=Dayton&lat=0&lng=0&sta=wa&htype=&agent=0&minprice=0&maxprice=0&minbed=1&maxbed=0&minland=0&maxland=0
INFO:DataCollection.houseSpeakingSameScraper:Valid URL
INFO:DataCollection.houseSpeakingSameScraper:Getting pages from URL: http://house.speakingsame.com/p.php?q=Dayton&p=29&s=1&st=&type=&count=300&region=Dayton&lat=0&lng=0&sta=wa&htype=&agent=0&minprice=0&maxprice=0&minbed=1&maxbed=0&minland=0&maxland=0
INFO:DataCollection.houseSpeakingSameScraper:Scraping data from: http://house.speakingsame.com/p.php?q=Dayton&p=0&s=1&st=&type=&count=300&region=Dayton&lat=0&lng=0&sta=wa&htype=&agent=0&minprice=0&maxprice=0&minbed=1&maxbed=0&minland=0&maxland=0
DEBUG:urllib3.connectionpool:Starting new HTTP connection (1): house.speakingsame.com:80
DEBUG:urllib3.connectionpool:http://house.speakingsame.com:80 "GET /p.php?q=Dayton&p=0&s=1&st=&type=&count=300&region=Dayton&lat=0&lng=0&sta=wa&htype=&agent=0&minprice=0&maxprice=0&minbed=1&maxbed=0&minland=0&maxland=0 HTTP/1.1" 200 7877
INFO:DataCollection.houseSpeakingSameScraper:Successfully received data
INFO:DataCollection.houseSpeakingSameScraper:Processing raw data for a single page
INFO:DataCollection.houseSpeakingSameScraper:Directory already exists
INFO:root:Application has successfully scraped data
INFO:root:Application finished
INFO:root:Application started
INFO:DataCollection.houseSpeakingSameScraper:Beginning data scraping process for URL: http://house.speakingsame.com/p.php?q=Dayton&p=29&s=1&st=&type=&count=300&region=Dayton&lat=0&lng=0&sta=wa&htype=&agent=0&minprice=0&maxprice=0&minbed=1&maxbed=0&minland=0&maxland=0
INFO:DataCollection.houseSpeakingSameScraper:Validating URL: http://house.speakingsame.com/p.php?q=Dayton&p=29&s=1&st=&type=&count=300&region=Dayton&lat=0&lng=0&sta=wa&htype=&agent=0&minprice=0&maxprice=0&minbed=1&maxbed=0&minland=0&maxland=0
INFO:DataCollection.houseSpeakingSameScraper:Valid URL
INFO:DataCollection.houseSpeakingSameScraper:Getting pages from URL: http://house.speakingsame.com/p.php?q=Dayton&p=29&s=1&st=&type=&count=300&region=Dayton&lat=0&lng=0&sta=wa&htype=&agent=0&minprice=0&maxprice=0&minbed=1&maxbed=0&minland=0&maxland=0
INFO:DataCollection.houseSpeakingSameScraper:Scraping data from: http://house.speakingsame.com/p.php?q=Dayton&p=0&s=1&st=&type=&count=300&region=Dayton&lat=0&lng=0&sta=wa&htype=&agent=0&minprice=0&maxprice=0&minbed=1&maxbed=0&minland=0&maxland=0
DEBUG:urllib3.connectionpool:Starting new HTTP connection (1): house.speakingsame.com:80
DEBUG:urllib3.connectionpool:http://house.speakingsame.com:80 "GET /p.php?q=Dayton&p=0&s=1&st=&type=&count=300&region=Dayton&lat=0&lng=0&sta=wa&htype=&agent=0&minprice=0&maxprice=0&minbed=1&maxbed=0&minland=0&maxland=0 HTTP/1.1" 200 7877
INFO:DataCollection.houseSpeakingSameScraper:Successfully received data
INFO:DataCollection.houseSpeakingSameScraper:Processing raw data for a single page
INFO:root:Application started
INFO:DataCollection.houseSpeakingSameScraper:Beginning data scraping process for URL: http://house.speakingsame.com/p.php?q=Dayton&p=29&s=1&st=&type=&count=300&region=Dayton&lat=0&lng=0&sta=wa&htype=&agent=0&minprice=0&maxprice=0&minbed=1&maxbed=0&minland=0&maxland=0
INFO:DataCollection.houseSpeakingSameScraper:Validating URL: http://house.speakingsame.com/p.php?q=Dayton&p=29&s=1&st=&type=&count=300&region=Dayton&lat=0&lng=0&sta=wa&htype=&agent=0&minprice=0&maxprice=0&minbed=1&maxbed=0&minland=0&maxland=0
INFO:DataCollection.houseSpeakingSameScraper:Valid URL
INFO:DataCollection.houseSpeakingSameScraper:Getting pages from URL: http://house.speakingsame.com/p.php?q=Dayton&p=29&s=1&st=&type=&count=300&region=Dayton&lat=0&lng=0&sta=wa&htype=&agent=0&minprice=0&maxprice=0&minbed=1&maxbed=0&minland=0&maxland=0
INFO:DataCollection.houseSpeakingSameScraper:Scraping data from: http://house.speakingsame.com/p.php?q=Dayton&p=0&s=1&st=&type=&count=300&region=Dayton&lat=0&lng=0&sta=wa&htype=&agent=0&minprice=0&maxprice=0&minbed=1&maxbed=0&minland=0&maxland=0
DEBUG:urllib3.connectionpool:Starting new HTTP connection (1): house.speakingsame.com:80
DEBUG:urllib3.connectionpool:http://house.speakingsame.com:80 "GET /p.php?q=Dayton&p=0&s=1&st=&type=&count=300&region=Dayton&lat=0&lng=0&sta=wa&htype=&agent=0&minprice=0&maxprice=0&minbed=1&maxbed=0&minland=0&maxland=0 HTTP/1.1" 200 7877
INFO:DataCollection.houseSpeakingSameScraper:Successfully received data
INFO:DataCollection.houseSpeakingSameScraper:Processing raw data for a single page
INFO:DataCollection.houseSpeakingSameScraper:Directory already exists
INFO:root:Application has successfully scraped data
INFO:root:Application finished
INFO:root:Application started
INFO:DataCollection.houseSpeakingSameScraper:Beginning data scraping process for URL: http://house.speakingsame.com/p.php?q=Dayton&p=29&s=1&st=&type=&count=300&region=Dayton&lat=0&lng=0&sta=wa&htype=&agent=0&minprice=0&maxprice=0&minbed=1&maxbed=0&minland=0&maxland=0
INFO:DataCollection.houseSpeakingSameScraper:Validating URL: http://house.speakingsame.com/p.php?q=Dayton&p=29&s=1&st=&type=&count=300&region=Dayton&lat=0&lng=0&sta=wa&htype=&agent=0&minprice=0&maxprice=0&minbed=1&maxbed=0&minland=0&maxland=0
INFO:DataCollection.houseSpeakingSameScraper:Valid URL
INFO:DataCollection.houseSpeakingSameScraper:Getting pages from URL: http://house.speakingsame.com/p.php?q=Dayton&p=29&s=1&st=&type=&count=300&region=Dayton&lat=0&lng=0&sta=wa&htype=&agent=0&minprice=0&maxprice=0&minbed=1&maxbed=0&minland=0&maxland=0
INFO:DataCollection.houseSpeakingSameScraper:Scraping data from: http://house.speakingsame.com/p.php?q=Dayton&p=0&s=1&st=&type=&count=300&region=Dayton&lat=0&lng=0&sta=wa&htype=&agent=0&minprice=0&maxprice=0&minbed=1&maxbed=0&minland=0&maxland=0
DEBUG:urllib3.connectionpool:Starting new HTTP connection (1): house.speakingsame.com:80
DEBUG:urllib3.connectionpool:http://house.speakingsame.com:80 "GET /p.php?q=Dayton&p=0&s=1&st=&type=&count=300&region=Dayton&lat=0&lng=0&sta=wa&htype=&agent=0&minprice=0&maxprice=0&minbed=1&maxbed=0&minland=0&maxland=0 HTTP/1.1" 200 7877
INFO:DataCollection.houseSpeakingSameScraper:Successfully received data
INFO:DataCollection.houseSpeakingSameScraper:Processing raw data for a single page
INFO:DataCollection.houseSpeakingSameScraper:Directory already exists
INFO:root:Application has successfully scraped data
INFO:root:Application finished
INFO:root:Application started
INFO:DataCollection.houseSpeakingSameScraper:Beginning data scraping process for URL: http://house.speakingsame.com/p.php?q=Dayton&p=29&s=1&st=&type=&count=300&region=Dayton&lat=0&lng=0&sta=wa&htype=&agent=0&minprice=0&maxprice=0&minbed=1&maxbed=0&minland=0&maxland=0
INFO:DataCollection.houseSpeakingSameScraper:Validating URL: http://house.speakingsame.com/p.php?q=Dayton&p=29&s=1&st=&type=&count=300&region=Dayton&lat=0&lng=0&sta=wa&htype=&agent=0&minprice=0&maxprice=0&minbed=1&maxbed=0&minland=0&maxland=0
INFO:DataCollection.houseSpeakingSameScraper:Valid URL
INFO:DataCollection.houseSpeakingSameScraper:Getting pages from URL: http://house.speakingsame.com/p.php?q=Dayton&p=29&s=1&st=&type=&count=300&region=Dayton&lat=0&lng=0&sta=wa&htype=&agent=0&minprice=0&maxprice=0&minbed=1&maxbed=0&minland=0&maxland=0
INFO:DataCollection.houseSpeakingSameScraper:Scraping data from: http://house.speakingsame.com/p.php?q=Dayton&p=0&s=1&st=&type=&count=300&region=Dayton&lat=0&lng=0&sta=wa&htype=&agent=0&minprice=0&maxprice=0&minbed=1&maxbed=0&minland=0&maxland=0
DEBUG:urllib3.connectionpool:Starting new HTTP connection (1): house.speakingsame.com:80
DEBUG:urllib3.connectionpool:http://house.speakingsame.com:80 "GET /p.php?q=Dayton&p=0&s=1&st=&type=&count=300&region=Dayton&lat=0&lng=0&sta=wa&htype=&agent=0&minprice=0&maxprice=0&minbed=1&maxbed=0&minland=0&maxland=0 HTTP/1.1" 200 7877
INFO:DataCollection.houseSpeakingSameScraper:Successfully received data
INFO:DataCollection.houseSpeakingSameScraper:Processing raw data for a single page
INFO:DataCollection.houseSpeakingSameScraper:Directory already exists
INFO:root:Application has successfully scraped data
INFO:root:Application finished
INFO:root:Application started
INFO:DataCollection.houseSpeakingSameScraper:Beginning data scraping process for URL: http://house.speakingsame.com/p.php?q=Dayton&p=29&s=1&st=&type=&count=300&region=Dayton&lat=0&lng=0&sta=wa&htype=&agent=0&minprice=0&maxprice=0&minbed=1&maxbed=0&minland=0&maxland=0
INFO:DataCollection.houseSpeakingSameScraper:Validating URL: http://house.speakingsame.com/p.php?q=Dayton&p=29&s=1&st=&type=&count=300&region=Dayton&lat=0&lng=0&sta=wa&htype=&agent=0&minprice=0&maxprice=0&minbed=1&maxbed=0&minland=0&maxland=0
INFO:DataCollection.houseSpeakingSameScraper:Valid URL
INFO:DataCollection.houseSpeakingSameScraper:Getting pages from URL: http://house.speakingsame.com/p.php?q=Dayton&p=29&s=1&st=&type=&count=300&region=Dayton&lat=0&lng=0&sta=wa&htype=&agent=0&minprice=0&maxprice=0&minbed=1&maxbed=0&minland=0&maxland=0
INFO:DataCollection.houseSpeakingSameScraper:Scraping data from: http://house.speakingsame.com/p.php?q=Dayton&p=0&s=1&st=&type=&count=300&region=Dayton&lat=0&lng=0&sta=wa&htype=&agent=0&minprice=0&maxprice=0&minbed=1&maxbed=0&minland=0&maxland=0
DEBUG:urllib3.connectionpool:Starting new HTTP connection (1): house.speakingsame.com:80
DEBUG:urllib3.connectionpool:http://house.speakingsame.com:80 "GET /p.php?q=Dayton&p=0&s=1&st=&type=&count=300&region=Dayton&lat=0&lng=0&sta=wa&htype=&agent=0&minprice=0&maxprice=0&minbed=1&maxbed=0&minland=0&maxland=0 HTTP/1.1" 200 7877
INFO:DataCollection.houseSpeakingSameScraper:Successfully received data
INFO:DataCollection.houseSpeakingSameScraper:Processing raw data for a single page
INFO:DataCollection.houseSpeakingSameScraper:Directory already exists
INFO:root:Application has successfully scraped data
INFO:root:Application finished
INFO:root:Application started
INFO:DataCollection.houseSpeakingSameScraper:Beginning data scraping process for URL: http://house.speakingsame.com/p.php?q=Dayton&p=29&s=1&st=&type=&count=300&region=Dayton&lat=0&lng=0&sta=wa&htype=&agent=0&minprice=0&maxprice=0&minbed=1&maxbed=0&minland=0&maxland=0
INFO:DataCollection.houseSpeakingSameScraper:Validating URL: http://house.speakingsame.com/p.php?q=Dayton&p=29&s=1&st=&type=&count=300&region=Dayton&lat=0&lng=0&sta=wa&htype=&agent=0&minprice=0&maxprice=0&minbed=1&maxbed=0&minland=0&maxland=0
INFO:DataCollection.houseSpeakingSameScraper:Valid URL
INFO:DataCollection.houseSpeakingSameScraper:Getting pages from URL: http://house.speakingsame.com/p.php?q=Dayton&p=29&s=1&st=&type=&count=300&region=Dayton&lat=0&lng=0&sta=wa&htype=&agent=0&minprice=0&maxprice=0&minbed=1&maxbed=0&minland=0&maxland=0
INFO:DataCollection.houseSpeakingSameScraper:Scraping data from: http://house.speakingsame.com/p.php?q=Dayton&p=0&s=1&st=&type=&count=300&region=Dayton&lat=0&lng=0&sta=wa&htype=&agent=0&minprice=0&maxprice=0&minbed=1&maxbed=0&minland=0&maxland=0
DEBUG:urllib3.connectionpool:Starting new HTTP connection (1): house.speakingsame.com:80
DEBUG:urllib3.connectionpool:http://house.speakingsame.com:80 "GET /p.php?q=Dayton&p=0&s=1&st=&type=&count=300&region=Dayton&lat=0&lng=0&sta=wa&htype=&agent=0&minprice=0&maxprice=0&minbed=1&maxbed=0&minland=0&maxland=0 HTTP/1.1" 200 7877
INFO:DataCollection.houseSpeakingSameScraper:Successfully received data
INFO:DataCollection.houseSpeakingSameScraper:Scraping data from: http://house.speakingsame.com/p.php?q=Dayton&p=1&s=1&st=&type=&count=300&region=Dayton&lat=0&lng=0&sta=wa&htype=&agent=0&minprice=0&maxprice=0&minbed=1&maxbed=0&minland=0&maxland=0
DEBUG:urllib3.connectionpool:Starting new HTTP connection (1): house.speakingsame.com:80
DEBUG:urllib3.connectionpool:http://house.speakingsame.com:80 "GET /p.php?q=Dayton&p=1&s=1&st=&type=&count=300&region=Dayton&lat=0&lng=0&sta=wa&htype=&agent=0&minprice=0&maxprice=0&minbed=1&maxbed=0&minland=0&maxland=0 HTTP/1.1" 200 7873
INFO:DataCollection.houseSpeakingSameScraper:Successfully received data
INFO:DataCollection.houseSpeakingSameScraper:Scraping data from: http://house.speakingsame.com/p.php?q=Dayton&p=2&s=1&st=&type=&count=300&region=Dayton&lat=0&lng=0&sta=wa&htype=&agent=0&minprice=0&maxprice=0&minbed=1&maxbed=0&minland=0&maxland=0
DEBUG:urllib3.connectionpool:Starting new HTTP connection (1): house.speakingsame.com:80
DEBUG:urllib3.connectionpool:http://house.speakingsame.com:80 "GET /p.php?q=Dayton&p=2&s=1&st=&type=&count=300&region=Dayton&lat=0&lng=0&sta=wa&htype=&agent=0&minprice=0&maxprice=0&minbed=1&maxbed=0&minland=0&maxland=0 HTTP/1.1" 200 7917
INFO:DataCollection.houseSpeakingSameScraper:Successfully received data
INFO:DataCollection.houseSpeakingSameScraper:Scraping data from: http://house.speakingsame.com/p.php?q=Dayton&p=3&s=1&st=&type=&count=300&region=Dayton&lat=0&lng=0&sta=wa&htype=&agent=0&minprice=0&maxprice=0&minbed=1&maxbed=0&minland=0&maxland=0
DEBUG:urllib3.connectionpool:Starting new HTTP connection (1): house.speakingsame.com:80
DEBUG:urllib3.connectionpool:http://house.speakingsame.com:80 "GET /p.php?q=Dayton&p=3&s=1&st=&type=&count=300&region=Dayton&lat=0&lng=0&sta=wa&htype=&agent=0&minprice=0&maxprice=0&minbed=1&maxbed=0&minland=0&maxland=0 HTTP/1.1" 200 None
INFO:DataCollection.houseSpeakingSameScraper:Successfully received data
INFO:DataCollection.houseSpeakingSameScraper:Scraping data from: http://house.speakingsame.com/p.php?q=Dayton&p=4&s=1&st=&type=&count=300&region=Dayton&lat=0&lng=0&sta=wa&htype=&agent=0&minprice=0&maxprice=0&minbed=1&maxbed=0&minland=0&maxland=0
DEBUG:urllib3.connectionpool:Starting new HTTP connection (1): house.speakingsame.com:80
DEBUG:urllib3.connectionpool:http://house.speakingsame.com:80 "GET /p.php?q=Dayton&p=4&s=1&st=&type=&count=300&region=Dayton&lat=0&lng=0&sta=wa&htype=&agent=0&minprice=0&maxprice=0&minbed=1&maxbed=0&minland=0&maxland=0 HTTP/1.1" 200 None
INFO:DataCollection.houseSpeakingSameScraper:Successfully received data
INFO:DataCollection.houseSpeakingSameScraper:Scraping data from: http://house.speakingsame.com/p.php?q=Dayton&p=5&s=1&st=&type=&count=300&region=Dayton&lat=0&lng=0&sta=wa&htype=&agent=0&minprice=0&maxprice=0&minbed=1&maxbed=0&minland=0&maxland=0
DEBUG:urllib3.connectionpool:Starting new HTTP connection (1): house.speakingsame.com:80
DEBUG:urllib3.connectionpool:http://house.speakingsame.com:80 "GET /p.php?q=Dayton&p=5&s=1&st=&type=&count=300&region=Dayton&lat=0&lng=0&sta=wa&htype=&agent=0&minprice=0&maxprice=0&minbed=1&maxbed=0&minland=0&maxland=0 HTTP/1.1" 200 None
INFO:DataCollection.houseSpeakingSameScraper:Successfully received data
INFO:DataCollection.houseSpeakingSameScraper:Scraping data from: http://house.speakingsame.com/p.php?q=Dayton&p=6&s=1&st=&type=&count=300&region=Dayton&lat=0&lng=0&sta=wa&htype=&agent=0&minprice=0&maxprice=0&minbed=1&maxbed=0&minland=0&maxland=0
DEBUG:urllib3.connectionpool:Starting new HTTP connection (1): house.speakingsame.com:80
DEBUG:urllib3.connectionpool:http://house.speakingsame.com:80 "GET /p.php?q=Dayton&p=6&s=1&st=&type=&count=300&region=Dayton&lat=0&lng=0&sta=wa&htype=&agent=0&minprice=0&maxprice=0&minbed=1&maxbed=0&minland=0&maxland=0 HTTP/1.1" 200 None
INFO:DataCollection.houseSpeakingSameScraper:Successfully received data
INFO:DataCollection.houseSpeakingSameScraper:Scraping data from: http://house.speakingsame.com/p.php?q=Dayton&p=7&s=1&st=&type=&count=300&region=Dayton&lat=0&lng=0&sta=wa&htype=&agent=0&minprice=0&maxprice=0&minbed=1&maxbed=0&minland=0&maxland=0
DEBUG:urllib3.connectionpool:Starting new HTTP connection (1): house.speakingsame.com:80
DEBUG:urllib3.connectionpool:http://house.speakingsame.com:80 "GET /p.php?q=Dayton&p=7&s=1&st=&type=&count=300&region=Dayton&lat=0&lng=0&sta=wa&htype=&agent=0&minprice=0&maxprice=0&minbed=1&maxbed=0&minland=0&maxland=0 HTTP/1.1" 200 None
INFO:DataCollection.houseSpeakingSameScraper:Successfully received data
INFO:DataCollection.houseSpeakingSameScraper:Scraping data from: http://house.speakingsame.com/p.php?q=Dayton&p=8&s=1&st=&type=&count=300&region=Dayton&lat=0&lng=0&sta=wa&htype=&agent=0&minprice=0&maxprice=0&minbed=1&maxbed=0&minland=0&maxland=0
DEBUG:urllib3.connectionpool:Starting new HTTP connection (1): house.speakingsame.com:80
DEBUG:urllib3.connectionpool:http://house.speakingsame.com:80 "GET /p.php?q=Dayton&p=8&s=1&st=&type=&count=300&region=Dayton&lat=0&lng=0&sta=wa&htype=&agent=0&minprice=0&maxprice=0&minbed=1&maxbed=0&minland=0&maxland=0 HTTP/1.1" 200 None
INFO:DataCollection.houseSpeakingSameScraper:Successfully received data
INFO:DataCollection.houseSpeakingSameScraper:Scraping data from: http://house.speakingsame.com/p.php?q=Dayton&p=9&s=1&st=&type=&count=300&region=Dayton&lat=0&lng=0&sta=wa&htype=&agent=0&minprice=0&maxprice=0&minbed=1&maxbed=0&minland=0&maxland=0
DEBUG:urllib3.connectionpool:Starting new HTTP connection (1): house.speakingsame.com:80
DEBUG:urllib3.connectionpool:http://house.speakingsame.com:80 "GET /p.php?q=Dayton&p=9&s=1&st=&type=&count=300&region=Dayton&lat=0&lng=0&sta=wa&htype=&agent=0&minprice=0&maxprice=0&minbed=1&maxbed=0&minland=0&maxland=0 HTTP/1.1" 200 None
INFO:DataCollection.houseSpeakingSameScraper:Successfully received data
INFO:DataCollection.houseSpeakingSameScraper:Scraping data from: http://house.speakingsame.com/p.php?q=Dayton&p=10&s=1&st=&type=&count=300&region=Dayton&lat=0&lng=0&sta=wa&htype=&agent=0&minprice=0&maxprice=0&minbed=1&maxbed=0&minland=0&maxland=0
DEBUG:urllib3.connectionpool:Starting new HTTP connection (1): house.speakingsame.com:80
DEBUG:urllib3.connectionpool:http://house.speakingsame.com:80 "GET /p.php?q=Dayton&p=10&s=1&st=&type=&count=300&region=Dayton&lat=0&lng=0&sta=wa&htype=&agent=0&minprice=0&maxprice=0&minbed=1&maxbed=0&minland=0&maxland=0 HTTP/1.1" 200 None
INFO:DataCollection.houseSpeakingSameScraper:Successfully received data
INFO:DataCollection.houseSpeakingSameScraper:Scraping data from: http://house.speakingsame.com/p.php?q=Dayton&p=11&s=1&st=&type=&count=300&region=Dayton&lat=0&lng=0&sta=wa&htype=&agent=0&minprice=0&maxprice=0&minbed=1&maxbed=0&minland=0&maxland=0
DEBUG:urllib3.connectionpool:Starting new HTTP connection (1): house.speakingsame.com:80
DEBUG:urllib3.connectionpool:http://house.speakingsame.com:80 "GET /p.php?q=Dayton&p=11&s=1&st=&type=&count=300&region=Dayton&lat=0&lng=0&sta=wa&htype=&agent=0&minprice=0&maxprice=0&minbed=1&maxbed=0&minland=0&maxland=0 HTTP/1.1" 200 7847
INFO:DataCollection.houseSpeakingSameScraper:Successfully received data
INFO:DataCollection.houseSpeakingSameScraper:Scraping data from: http://house.speakingsame.com/p.php?q=Dayton&p=12&s=1&st=&type=&count=300&region=Dayton&lat=0&lng=0&sta=wa&htype=&agent=0&minprice=0&maxprice=0&minbed=1&maxbed=0&minland=0&maxland=0
DEBUG:urllib3.connectionpool:Starting new HTTP connection (1): house.speakingsame.com:80
DEBUG:urllib3.connectionpool:http://house.speakingsame.com:80 "GET /p.php?q=Dayton&p=12&s=1&st=&type=&count=300&region=Dayton&lat=0&lng=0&sta=wa&htype=&agent=0&minprice=0&maxprice=0&minbed=1&maxbed=0&minland=0&maxland=0 HTTP/1.1" 200 None
INFO:DataCollection.houseSpeakingSameScraper:Successfully received data
INFO:DataCollection.houseSpeakingSameScraper:Scraping data from: http://house.speakingsame.com/p.php?q=Dayton&p=13&s=1&st=&type=&count=300&region=Dayton&lat=0&lng=0&sta=wa&htype=&agent=0&minprice=0&maxprice=0&minbed=1&maxbed=0&minland=0&maxland=0
DEBUG:urllib3.connectionpool:Starting new HTTP connection (1): house.speakingsame.com:80
DEBUG:urllib3.connectionpool:http://house.speakingsame.com:80 "GET /p.php?q=Dayton&p=13&s=1&st=&type=&count=300&region=Dayton&lat=0&lng=0&sta=wa&htype=&agent=0&minprice=0&maxprice=0&minbed=1&maxbed=0&minland=0&maxland=0 HTTP/1.1" 200 7775
INFO:DataCollection.houseSpeakingSameScraper:Successfully received data
INFO:DataCollection.houseSpeakingSameScraper:Scraping data from: http://house.speakingsame.com/p.php?q=Dayton&p=14&s=1&st=&type=&count=300&region=Dayton&lat=0&lng=0&sta=wa&htype=&agent=0&minprice=0&maxprice=0&minbed=1&maxbed=0&minland=0&maxland=0
DEBUG:urllib3.connectionpool:Starting new HTTP connection (1): house.speakingsame.com:80
DEBUG:urllib3.connectionpool:http://house.speakingsame.com:80 "GET /p.php?q=Dayton&p=14&s=1&st=&type=&count=300&region=Dayton&lat=0&lng=0&sta=wa&htype=&agent=0&minprice=0&maxprice=0&minbed=1&maxbed=0&minland=0&maxland=0 HTTP/1.1" 200 None
INFO:DataCollection.houseSpeakingSameScraper:Successfully received data
INFO:DataCollection.houseSpeakingSameScraper:Scraping data from: http://house.speakingsame.com/p.php?q=Dayton&p=15&s=1&st=&type=&count=300&region=Dayton&lat=0&lng=0&sta=wa&htype=&agent=0&minprice=0&maxprice=0&minbed=1&maxbed=0&minland=0&maxland=0
DEBUG:urllib3.connectionpool:Starting new HTTP connection (1): house.speakingsame.com:80
DEBUG:urllib3.connectionpool:http://house.speakingsame.com:80 "GET /p.php?q=Dayton&p=15&s=1&st=&type=&count=300&region=Dayton&lat=0&lng=0&sta=wa&htype=&agent=0&minprice=0&maxprice=0&minbed=1&maxbed=0&minland=0&maxland=0 HTTP/1.1" 200 None
INFO:DataCollection.houseSpeakingSameScraper:Successfully received data
INFO:DataCollection.houseSpeakingSameScraper:Scraping data from: http://house.speakingsame.com/p.php?q=Dayton&p=16&s=1&st=&type=&count=300&region=Dayton&lat=0&lng=0&sta=wa&htype=&agent=0&minprice=0&maxprice=0&minbed=1&maxbed=0&minland=0&maxland=0
DEBUG:urllib3.connectionpool:Starting new HTTP connection (1): house.speakingsame.com:80
DEBUG:urllib3.connectionpool:http://house.speakingsame.com:80 "GET /p.php?q=Dayton&p=16&s=1&st=&type=&count=300&region=Dayton&lat=0&lng=0&sta=wa&htype=&agent=0&minprice=0&maxprice=0&minbed=1&maxbed=0&minland=0&maxland=0 HTTP/1.1" 200 None
INFO:DataCollection.houseSpeakingSameScraper:Successfully received data
INFO:DataCollection.houseSpeakingSameScraper:Scraping data from: http://house.speakingsame.com/p.php?q=Dayton&p=17&s=1&st=&type=&count=300&region=Dayton&lat=0&lng=0&sta=wa&htype=&agent=0&minprice=0&maxprice=0&minbed=1&maxbed=0&minland=0&maxland=0
DEBUG:urllib3.connectionpool:Starting new HTTP connection (1): house.speakingsame.com:80
DEBUG:urllib3.connectionpool:http://house.speakingsame.com:80 "GET /p.php?q=Dayton&p=17&s=1&st=&type=&count=300&region=Dayton&lat=0&lng=0&sta=wa&htype=&agent=0&minprice=0&maxprice=0&minbed=1&maxbed=0&minland=0&maxland=0 HTTP/1.1" 200 None
INFO:DataCollection.houseSpeakingSameScraper:Successfully received data
INFO:DataCollection.houseSpeakingSameScraper:Scraping data from: http://house.speakingsame.com/p.php?q=Dayton&p=18&s=1&st=&type=&count=300&region=Dayton&lat=0&lng=0&sta=wa&htype=&agent=0&minprice=0&maxprice=0&minbed=1&maxbed=0&minland=0&maxland=0
DEBUG:urllib3.connectionpool:Starting new HTTP connection (1): house.speakingsame.com:80
DEBUG:urllib3.connectionpool:http://house.speakingsame.com:80 "GET /p.php?q=Dayton&p=18&s=1&st=&type=&count=300&region=Dayton&lat=0&lng=0&sta=wa&htype=&agent=0&minprice=0&maxprice=0&minbed=1&maxbed=0&minland=0&maxland=0 HTTP/1.1" 200 None
INFO:DataCollection.houseSpeakingSameScraper:Successfully received data
INFO:DataCollection.houseSpeakingSameScraper:Scraping data from: http://house.speakingsame.com/p.php?q=Dayton&p=19&s=1&st=&type=&count=300&region=Dayton&lat=0&lng=0&sta=wa&htype=&agent=0&minprice=0&maxprice=0&minbed=1&maxbed=0&minland=0&maxland=0
DEBUG:urllib3.connectionpool:Starting new HTTP connection (1): house.speakingsame.com:80
DEBUG:urllib3.connectionpool:http://house.speakingsame.com:80 "GET /p.php?q=Dayton&p=19&s=1&st=&type=&count=300&region=Dayton&lat=0&lng=0&sta=wa&htype=&agent=0&minprice=0&maxprice=0&minbed=1&maxbed=0&minland=0&maxland=0 HTTP/1.1" 200 None
INFO:DataCollection.houseSpeakingSameScraper:Successfully received data
INFO:DataCollection.houseSpeakingSameScraper:Scraping data from: http://house.speakingsame.com/p.php?q=Dayton&p=20&s=1&st=&type=&count=300&region=Dayton&lat=0&lng=0&sta=wa&htype=&agent=0&minprice=0&maxprice=0&minbed=1&maxbed=0&minland=0&maxland=0
DEBUG:urllib3.connectionpool:Starting new HTTP connection (1): house.speakingsame.com:80
DEBUG:urllib3.connectionpool:http://house.speakingsame.com:80 "GET /p.php?q=Dayton&p=20&s=1&st=&type=&count=300&region=Dayton&lat=0&lng=0&sta=wa&htype=&agent=0&minprice=0&maxprice=0&minbed=1&maxbed=0&minland=0&maxland=0 HTTP/1.1" 200 None
INFO:DataCollection.houseSpeakingSameScraper:Successfully received data
INFO:DataCollection.houseSpeakingSameScraper:Scraping data from: http://house.speakingsame.com/p.php?q=Dayton&p=21&s=1&st=&type=&count=300&region=Dayton&lat=0&lng=0&sta=wa&htype=&agent=0&minprice=0&maxprice=0&minbed=1&maxbed=0&minland=0&maxland=0
DEBUG:urllib3.connectionpool:Starting new HTTP connection (1): house.speakingsame.com:80
DEBUG:urllib3.connectionpool:http://house.speakingsame.com:80 "GET /p.php?q=Dayton&p=21&s=1&st=&type=&count=300&region=Dayton&lat=0&lng=0&sta=wa&htype=&agent=0&minprice=0&maxprice=0&minbed=1&maxbed=0&minland=0&maxland=0 HTTP/1.1" 200 None
INFO:DataCollection.houseSpeakingSameScraper:Successfully received data
INFO:DataCollection.houseSpeakingSameScraper:Scraping data from: http://house.speakingsame.com/p.php?q=Dayton&p=22&s=1&st=&type=&count=300&region=Dayton&lat=0&lng=0&sta=wa&htype=&agent=0&minprice=0&maxprice=0&minbed=1&maxbed=0&minland=0&maxland=0
DEBUG:urllib3.connectionpool:Starting new HTTP connection (1): house.speakingsame.com:80
DEBUG:urllib3.connectionpool:http://house.speakingsame.com:80 "GET /p.php?q=Dayton&p=22&s=1&st=&type=&count=300&region=Dayton&lat=0&lng=0&sta=wa&htype=&agent=0&minprice=0&maxprice=0&minbed=1&maxbed=0&minland=0&maxland=0 HTTP/1.1" 200 None
INFO:DataCollection.houseSpeakingSameScraper:Successfully received data
INFO:DataCollection.houseSpeakingSameScraper:Scraping data from: http://house.speakingsame.com/p.php?q=Dayton&p=23&s=1&st=&type=&count=300&region=Dayton&lat=0&lng=0&sta=wa&htype=&agent=0&minprice=0&maxprice=0&minbed=1&maxbed=0&minland=0&maxland=0
DEBUG:urllib3.connectionpool:Starting new HTTP connection (1): house.speakingsame.com:80
DEBUG:urllib3.connectionpool:http://house.speakingsame.com:80 "GET /p.php?q=Dayton&p=23&s=1&st=&type=&count=300&region=Dayton&lat=0&lng=0&sta=wa&htype=&agent=0&minprice=0&maxprice=0&minbed=1&maxbed=0&minland=0&maxland=0 HTTP/1.1" 200 None
INFO:DataCollection.houseSpeakingSameScraper:Successfully received data
INFO:DataCollection.houseSpeakingSameScraper:Scraping data from: http://house.speakingsame.com/p.php?q=Dayton&p=24&s=1&st=&type=&count=300&region=Dayton&lat=0&lng=0&sta=wa&htype=&agent=0&minprice=0&maxprice=0&minbed=1&maxbed=0&minland=0&maxland=0
DEBUG:urllib3.connectionpool:Starting new HTTP connection (1): house.speakingsame.com:80
DEBUG:urllib3.connectionpool:http://house.speakingsame.com:80 "GET /p.php?q=Dayton&p=24&s=1&st=&type=&count=300&region=Dayton&lat=0&lng=0&sta=wa&htype=&agent=0&minprice=0&maxprice=0&minbed=1&maxbed=0&minland=0&maxland=0 HTTP/1.1" 200 None
INFO:DataCollection.houseSpeakingSameScraper:Successfully received data
INFO:DataCollection.houseSpeakingSameScraper:Scraping data from: http://house.speakingsame.com/p.php?q=Dayton&p=25&s=1&st=&type=&count=300&region=Dayton&lat=0&lng=0&sta=wa&htype=&agent=0&minprice=0&maxprice=0&minbed=1&maxbed=0&minland=0&maxland=0
DEBUG:urllib3.connectionpool:Starting new HTTP connection (1): house.speakingsame.com:80
DEBUG:urllib3.connectionpool:http://house.speakingsame.com:80 "GET /p.php?q=Dayton&p=25&s=1&st=&type=&count=300&region=Dayton&lat=0&lng=0&sta=wa&htype=&agent=0&minprice=0&maxprice=0&minbed=1&maxbed=0&minland=0&maxland=0 HTTP/1.1" 200 None
INFO:DataCollection.houseSpeakingSameScraper:Successfully received data
INFO:DataCollection.houseSpeakingSameScraper:Scraping data from: http://house.speakingsame.com/p.php?q=Dayton&p=26&s=1&st=&type=&count=300&region=Dayton&lat=0&lng=0&sta=wa&htype=&agent=0&minprice=0&maxprice=0&minbed=1&maxbed=0&minland=0&maxland=0
DEBUG:urllib3.connectionpool:Starting new HTTP connection (1): house.speakingsame.com:80
DEBUG:urllib3.connectionpool:http://house.speakingsame.com:80 "GET /p.php?q=Dayton&p=26&s=1&st=&type=&count=300&region=Dayton&lat=0&lng=0&sta=wa&htype=&agent=0&minprice=0&maxprice=0&minbed=1&maxbed=0&minland=0&maxland=0 HTTP/1.1" 200 None
INFO:DataCollection.houseSpeakingSameScraper:Successfully received data
INFO:DataCollection.houseSpeakingSameScraper:Scraping data from: http://house.speakingsame.com/p.php?q=Dayton&p=27&s=1&st=&type=&count=300&region=Dayton&lat=0&lng=0&sta=wa&htype=&agent=0&minprice=0&maxprice=0&minbed=1&maxbed=0&minland=0&maxland=0
DEBUG:urllib3.connectionpool:Starting new HTTP connection (1): house.speakingsame.com:80
DEBUG:urllib3.connectionpool:http://house.speakingsame.com:80 "GET /p.php?q=Dayton&p=27&s=1&st=&type=&count=300&region=Dayton&lat=0&lng=0&sta=wa&htype=&agent=0&minprice=0&maxprice=0&minbed=1&maxbed=0&minland=0&maxland=0 HTTP/1.1" 200 None
INFO:DataCollection.houseSpeakingSameScraper:Successfully received data
INFO:DataCollection.houseSpeakingSameScraper:Scraping data from: http://house.speakingsame.com/p.php?q=Dayton&p=28&s=1&st=&type=&count=300&region=Dayton&lat=0&lng=0&sta=wa&htype=&agent=0&minprice=0&maxprice=0&minbed=1&maxbed=0&minland=0&maxland=0
DEBUG:urllib3.connectionpool:Starting new HTTP connection (1): house.speakingsame.com:80
DEBUG:urllib3.connectionpool:http://house.speakingsame.com:80 "GET /p.php?q=Dayton&p=28&s=1&st=&type=&count=300&region=Dayton&lat=0&lng=0&sta=wa&htype=&agent=0&minprice=0&maxprice=0&minbed=1&maxbed=0&minland=0&maxland=0 HTTP/1.1" 200 None
INFO:DataCollection.houseSpeakingSameScraper:Successfully received data
INFO:DataCollection.houseSpeakingSameScraper:Scraping data from: http://house.speakingsame.com/p.php?q=Dayton&p=29&s=1&st=&type=&count=300&region=Dayton&lat=0&lng=0&sta=wa&htype=&agent=0&minprice=0&maxprice=0&minbed=1&maxbed=0&minland=0&maxland=0
DEBUG:urllib3.connectionpool:Starting new HTTP connection (1): house.speakingsame.com:80
DEBUG:urllib3.connectionpool:http://house.speakingsame.com:80 "GET /p.php?q=Dayton&p=29&s=1&st=&type=&count=300&region=Dayton&lat=0&lng=0&sta=wa&htype=&agent=0&minprice=0&maxprice=0&minbed=1&maxbed=0&minland=0&maxland=0 HTTP/1.1" 200 None
INFO:DataCollection.houseSpeakingSameScraper:Successfully received data
INFO:DataCollection.houseSpeakingSameScraper:Processing raw data for a single page
INFO:DataCollection.houseSpeakingSameScraper:Processing raw data for a single page
INFO:DataCollection.houseSpeakingSameScraper:Processing raw data for a single page
INFO:DataCollection.houseSpeakingSameScraper:Processing raw data for a single page
INFO:DataCollection.houseSpeakingSameScraper:Processing raw data for a single page
INFO:DataCollection.houseSpeakingSameScraper:Processing raw data for a single page
INFO:DataCollection.houseSpeakingSameScraper:Processing raw data for a single page
INFO:DataCollection.houseSpeakingSameScraper:Processing raw data for a single page
INFO:DataCollection.houseSpeakingSameScraper:Processing raw data for a single page
INFO:DataCollection.houseSpeakingSameScraper:Processing raw data for a single page
INFO:DataCollection.houseSpeakingSameScraper:Processing raw data for a single page
INFO:DataCollection.houseSpeakingSameScraper:Processing raw data for a single page
INFO:DataCollection.houseSpeakingSameScraper:Processing raw data for a single page
INFO:DataCollection.houseSpeakingSameScraper:Processing raw data for a single page
INFO:DataCollection.houseSpeakingSameScraper:Processing raw data for a single page
INFO:DataCollection.houseSpeakingSameScraper:Processing raw data for a single page
INFO:DataCollection.houseSpeakingSameScraper:Processing raw data for a single page
INFO:DataCollection.houseSpeakingSameScraper:Processing raw data for a single page
INFO:DataCollection.houseSpeakingSameScraper:Processing raw data for a single page
INFO:DataCollection.houseSpeakingSameScraper:Processing raw data for a single page
INFO:DataCollection.houseSpeakingSameScraper:Processing raw data for a single page
INFO:DataCollection.houseSpeakingSameScraper:Processing raw data for a single page
INFO:DataCollection.houseSpeakingSameScraper:Processing raw data for a single page
INFO:DataCollection.houseSpeakingSameScraper:Processing raw data for a single page
INFO:DataCollection.houseSpeakingSameScraper:Processing raw data for a single page
INFO:DataCollection.houseSpeakingSameScraper:Processing raw data for a single page
INFO:DataCollection.houseSpeakingSameScraper:Processing raw data for a single page
INFO:DataCollection.houseSpeakingSameScraper:Processing raw data for a single page
INFO:DataCollection.houseSpeakingSameScraper:Processing raw data for a single page
INFO:DataCollection.houseSpeakingSameScraper:Processing raw data for a single page
INFO:DataCollection.houseSpeakingSameScraper:Directory already exists
INFO:root:Application has successfully scraped data
INFO:root:Application finished
